#
# There is insufficient memory for the Java Runtime Environment to continue.
# Native memory allocation (malloc) failed to allocate 1215120 bytes for Chunk::new
# Possible reasons:
#   The system is out of physical RAM or swap space
#   The process is running with CompressedOops enabled, and the Java Heap may be blocking the growth of the native heap
# Possible solutions:
#   Reduce memory load on the system
#   Increase physical memory or swap space
#   Check if swap backing store is full
#   Decrease Java heap size (-Xmx/-Xms)
#   Decrease number of Java threads
#   Decrease Java thread stack sizes (-Xss)
#   Set larger code cache with -XX:ReservedCodeCacheSize=
#   JVM is running with Unscaled Compressed Oops mode in which the Java heap is
#     placed in the first 4GB address space. The Java Heap base address is the
#     maximum limit for the native heap growth. Please use -XX:HeapBaseMinAddress
#     to set the Java Heap base and to place the Java Heap above 4GB virtual address.
# This output file may be truncated or incomplete.
#
#  Out of Memory Error (arena.cpp:184), pid=6664, tid=4516
#
# JRE version: OpenJDK Runtime Environment (20.0.1+9) (build 20.0.1+9-29)
# Java VM: OpenJDK 64-Bit Server VM (20.0.1+9-29, mixed mode, sharing, tiered, compressed oops, compressed class ptrs, g1 gc, windows-amd64)
# No core dump will be written. Minidumps are not enabled by default on client versions of Windows
#

---------------  S U M M A R Y ------------

Command Line: -javaagent:C:\Program Files\JetBrains\IntelliJ IDEA Community Edition 2022.2.3\lib\idea_rt.jar=50194:C:\Program Files\JetBrains\IntelliJ IDEA Community Edition 2022.2.3\bin -Dfile.encoding=UTF-8 -Dsun.stdout.encoding=UTF-8 -Dsun.stderr.encoding=UTF-8 com.laxosoft.serviceasistencia.ServiceAsistenciaApplication

Host: Intel(R) Core(TM) i5-3470 CPU @ 3.20GHz, 4 cores, 1G,  Windows 10 , 64 bit Build 19041 (10.0.19041.2913)
Time: Sat Jun 10 12:08:38 2023 Hora est. Pacífico, Sudamérica elapsed time: 30.069019 seconds (0d 0h 0m 30s)

---------------  T H R E A D  ---------------

Current thread (0x0000020ffab0aa30):  JavaThread "C2 CompilerThread0" daemon [_thread_in_native, id=4516, stack(0x0000003085f00000,0x0000003086000000)]


Current CompileTask:
C2:  30069 5022       4       java.lang.invoke.MemberName::getInvocationType (56 bytes)

Stack: [0x0000003085f00000,0x0000003086000000]
Native frames: (J=compiled Java code, j=interpreted, Vv=VM code, C=native code)
V  [jvm.dll+0x6bb95a]
V  [jvm.dll+0x8485fa]
V  [jvm.dll+0x84a1f5]
V  [jvm.dll+0x84a8f3]
V  [jvm.dll+0x280b0f]
V  [jvm.dll+0xc2b11]
V  [jvm.dll+0xc2e35]
V  [jvm.dll+0x3bb17c]
V  [jvm.dll+0x1e6c43]
V  [jvm.dll+0x24b3ab]
V  [jvm.dll+0x24a651]
V  [jvm.dll+0x1ce491]
V  [jvm.dll+0x259e1b]
V  [jvm.dll+0x2584f0]
V  [jvm.dll+0x3f2895]
V  [jvm.dll+0x7f4b56]
V  [jvm.dll+0x6ba5cb]
C  [ucrtbase.dll+0x21bb2]
C  [KERNEL32.DLL+0x17614]
C  [ntdll.dll+0x526a1]


---------------  P R O C E S S  ---------------

Threads class SMR info:
_java_thread_list=0x0000020f914fc090, length=30, elements={
0x0000020ffaaf9230, 0x0000020ffaafa030, 0x0000020ffaafae30, 0x0000020ffaafe890,
0x0000020ffaaff1d0, 0x0000020ffab01db0, 0x0000020ffab0aa30, 0x0000020ffab43a20,
0x0000020ffaacbbc0, 0x0000020fff0134f0, 0x0000020fff013a40, 0x0000020f8f535ae0,
0x0000020f8f5335b0, 0x0000020f8f535590, 0x0000020f8f535040, 0x0000020f8f536030,
0x0000020f8f533b00, 0x0000020f8f5345a0, 0x0000020f8f534af0, 0x0000020f91497020,
0x0000020f91497570, 0x0000020f91499550, 0x0000020f91494050, 0x0000020f91493060,
0x0000020f91498ab0, 0x0000020f91497ac0, 0x0000020f91498560, 0x0000020f91493b00,
0x0000020f91499000, 0x0000020f91499aa0
}

Java Threads: ( => current thread )
  0x0000020ffaaf9230 JavaThread "Reference Handler" daemon [_thread_blocked, id=1424, stack(0x0000003085900000,0x0000003085a00000)]
  0x0000020ffaafa030 JavaThread "Finalizer" daemon [_thread_blocked, id=1684, stack(0x0000003085a00000,0x0000003085b00000)]
  0x0000020ffaafae30 JavaThread "Signal Dispatcher" daemon [_thread_blocked, id=1572, stack(0x0000003085b00000,0x0000003085c00000)]
  0x0000020ffaafe890 JavaThread "Attach Listener" daemon [_thread_blocked, id=1760, stack(0x0000003085c00000,0x0000003085d00000)]
  0x0000020ffaaff1d0 JavaThread "Service Thread" daemon [_thread_blocked, id=1160, stack(0x0000003085d00000,0x0000003085e00000)]
  0x0000020ffab01db0 JavaThread "Monitor Deflation Thread" daemon [_thread_blocked, id=1164, stack(0x0000003085e00000,0x0000003085f00000)]
=>0x0000020ffab0aa30 JavaThread "C2 CompilerThread0" daemon [_thread_in_native, id=4516, stack(0x0000003085f00000,0x0000003086000000)]
  0x0000020ffab43a20 JavaThread "C1 CompilerThread0" daemon [_thread_blocked, id=10128, stack(0x0000003086000000,0x0000003086100000)]
  0x0000020ffaacbbc0 JavaThread "Common-Cleaner" daemon [_thread_blocked, id=456, stack(0x0000003086100000,0x0000003086200000)]
  0x0000020fff0134f0 JavaThread "Monitor Ctrl-Break" daemon [_thread_in_native, id=7664, stack(0x0000003086200000,0x0000003086300000)]
  0x0000020fff013a40 JavaThread "Notification Thread" daemon [_thread_blocked, id=9308, stack(0x0000003086300000,0x0000003086400000)]
  0x0000020f8f535ae0 JavaThread "Catalina-utility-1" [_thread_blocked, id=5280, stack(0x0000003086a00000,0x0000003086b00000)]
  0x0000020f8f5335b0 JavaThread "Catalina-utility-2" [_thread_blocked, id=1580, stack(0x0000003086b00000,0x0000003086c00000)]
  0x0000020f8f535590 JavaThread "container-0" [_thread_blocked, id=2396, stack(0x0000003086c00000,0x0000003086d00000)]
  0x0000020f8f535040 JavaThread "mysql-cj-abandoned-connection-cleanup" daemon [_thread_blocked, id=7072, stack(0x0000003086d00000,0x0000003086e00000)]
  0x0000020f8f536030 JavaThread "HikariPool-1 housekeeper" daemon [_thread_blocked, id=1584, stack(0x0000003086f00000,0x0000003087000000)]
  0x0000020f8f533b00 JavaThread "File Watcher" daemon [_thread_blocked, id=5144, stack(0x0000003087100000,0x0000003087200000)]
  0x0000020f8f5345a0 JavaThread "http-nio-8084-exec-1" daemon [_thread_in_vm, id=2580, stack(0x0000003087200000,0x0000003087300000)]
  0x0000020f8f534af0 JavaThread "http-nio-8084-exec-2" daemon [_thread_blocked, id=6344, stack(0x0000003087300000,0x0000003087400000)]
  0x0000020f91497020 JavaThread "http-nio-8084-exec-3" daemon [_thread_blocked, id=3924, stack(0x0000003087400000,0x0000003087500000)]
  0x0000020f91497570 JavaThread "http-nio-8084-exec-4" daemon [_thread_blocked, id=1048, stack(0x0000003087500000,0x0000003087600000)]
  0x0000020f91499550 JavaThread "http-nio-8084-exec-5" daemon [_thread_blocked, id=3416, stack(0x0000003087600000,0x0000003087700000)]
  0x0000020f91494050 JavaThread "http-nio-8084-exec-6" daemon [_thread_blocked, id=10188, stack(0x0000003087700000,0x0000003087800000)]
  0x0000020f91493060 JavaThread "http-nio-8084-exec-7" daemon [_thread_blocked, id=508, stack(0x0000003087800000,0x0000003087900000)]
  0x0000020f91498ab0 JavaThread "http-nio-8084-exec-8" daemon [_thread_blocked, id=3232, stack(0x0000003087900000,0x0000003087a00000)]
  0x0000020f91497ac0 JavaThread "http-nio-8084-exec-9" daemon [_thread_blocked, id=9924, stack(0x0000003087a00000,0x0000003087b00000)]
  0x0000020f91498560 JavaThread "http-nio-8084-exec-10" daemon [_thread_blocked, id=8008, stack(0x0000003087b00000,0x0000003087c00000)]
  0x0000020f91493b00 JavaThread "http-nio-8084-Poller" daemon [_thread_in_native, id=9708, stack(0x0000003087c00000,0x0000003087d00000)]
  0x0000020f91499000 JavaThread "http-nio-8084-Acceptor" daemon [_thread_in_native, id=6508, stack(0x0000003087d00000,0x0000003087e00000)]
  0x0000020f91499aa0 JavaThread "DestroyJavaVM" [_thread_blocked, id=9784, stack(0x0000003085200000,0x0000003085300000)]

Other Threads:
  0x0000020ffaadc340 VMThread "VM Thread" [stack: 0x0000003085800000,0x0000003085900000] [id=1440]
  0x0000020fff022b40 WatcherThread "VM Periodic Task Thread" [stack: 0x0000003086400000,0x0000003086500000] [id=628]
  0x0000020fefb94370 WorkerThread "GC Thread#0" [stack: 0x0000003085300000,0x0000003085400000] [id=1156]
  0x0000020fff468b70 WorkerThread "GC Thread#1" [stack: 0x0000003086500000,0x0000003086600000] [id=7056]
  0x0000020fff4690e0 WorkerThread "GC Thread#2" [stack: 0x0000003086600000,0x0000003086700000] [id=7044]
  0x0000020fff6dfd50 WorkerThread "GC Thread#3" [stack: 0x0000003086700000,0x0000003086800000] [id=7060]
  0x0000020fefb99ed0 ConcurrentGCThread "G1 Main Marker" [stack: 0x0000003085400000,0x0000003085500000] [id=1284]
  0x0000020fefb9aaa0 WorkerThread "G1 Conc#0" [stack: 0x0000003085500000,0x0000003085600000] [id=1296]
  0x0000020fefbd9b50 ConcurrentGCThread "G1 Refine#0" [stack: 0x0000003085600000,0x0000003085700000] [id=1408]
  0x0000020fefbda5f0 ConcurrentGCThread "G1 Service" [stack: 0x0000003085700000,0x0000003085800000] [id=1292]

Threads with active compile tasks:
C2 CompilerThread0    30119 5022       4       java.lang.invoke.MemberName::getInvocationType (56 bytes)

VM state: not at safepoint (normal execution)

VM Mutex/Monitor currently owned by a thread: None

Heap address: 0x00000000e1e00000, size: 482 MB, Compressed Oops mode: 32-bit

CDS archive(s) mapped at: [0x0000000800000000-0x0000000800c60000-0x0000000800c60000), size 12976128, SharedBaseAddress: 0x0000000800000000, ArchiveRelocationMode: 0.
Compressed class space mapped at: 0x0000000801000000-0x0000000841000000, reserved size: 1073741824
Narrow klass base: 0x0000000800000000, Narrow klass shift: 0, Narrow klass range: 0x100000000

GC Precious Log:
 CardTable entry size: 512
 Card Set container configuration: InlinePtr #cards 5 size 8 Array Of Cards #cards 12 size 40 Howl #buckets 4 coarsen threshold 1843 Howl Bitmap #cards 512 size 80 coarsen threshold 460 Card regions per heap region 1 cards per card region 2048
 CPUs: 4 total, 4 available
 Memory: 1922M
 Large Page Support: Disabled
 NUMA Support: Disabled
 Compressed Oops: Enabled (32-bit)
 Heap Region Size: 1M
 Heap Min Capacity: 8M
 Heap Initial Capacity: 32M
 Heap Max Capacity: 482M
 Pre-touch: Disabled
 Parallel Workers: 4
 Concurrent Workers: 1
 Concurrent Refinement Workers: 4
 Periodic GC: Disabled

Heap:
 garbage-first heap   total 46080K, used 37266K [0x00000000e1e00000, 0x0000000100000000)
  region size 1024K, 16 young (16384K), 2 survivors (2048K)
 Metaspace       used 57469K, committed 58240K, reserved 1114112K
  class space    used 7703K, committed 8064K, reserved 1048576K

Heap Regions: E=young(eden), S=young(survivor), O=old, HS=humongous(starts), HC=humongous(continues), CS=collection set, F=free, OA=open archive, CA=closed archive, TAMS=top-at-mark-start, PB=parsable bottom
|   0|0x00000000e1e00000, 0x00000000e1f00000, 0x00000000e1f00000|100%|HS|  |TAMS 0x00000000e1e00000| PB 0x00000000e1e00000| Complete 
|   1|0x00000000e1f00000, 0x00000000e2000000, 0x00000000e2000000|100%| O|  |TAMS 0x00000000e1f00000| PB 0x00000000e1f00000| Untracked 
|   2|0x00000000e2000000, 0x00000000e2100000, 0x00000000e2100000|100%| O|  |TAMS 0x00000000e2000000| PB 0x00000000e2000000| Untracked 
|   3|0x00000000e2100000, 0x00000000e2200000, 0x00000000e2200000|100%| O|  |TAMS 0x00000000e2100000| PB 0x00000000e2100000| Untracked 
|   4|0x00000000e2200000, 0x00000000e2300000, 0x00000000e2300000|100%| O|  |TAMS 0x00000000e2200000| PB 0x00000000e2200000| Untracked 
|   5|0x00000000e2300000, 0x00000000e2400000, 0x00000000e2400000|100%| O|  |TAMS 0x00000000e2300000| PB 0x00000000e2300000| Complete 
|   6|0x00000000e2400000, 0x00000000e2500000, 0x00000000e2500000|100%| O|  |TAMS 0x00000000e2400000| PB 0x00000000e2400000| Untracked 
|   7|0x00000000e2500000, 0x00000000e2600000, 0x00000000e2600000|100%| O|  |TAMS 0x00000000e2500000| PB 0x00000000e2500000| Untracked 
|   8|0x00000000e2600000, 0x00000000e2700000, 0x00000000e2700000|100%| O|  |TAMS 0x00000000e2600000| PB 0x00000000e2600000| Untracked 
|   9|0x00000000e2700000, 0x00000000e2800000, 0x00000000e2800000|100%| O|  |TAMS 0x00000000e2700000| PB 0x00000000e2700000| Untracked 
|  10|0x00000000e2800000, 0x00000000e2900000, 0x00000000e2900000|100%| O|  |TAMS 0x00000000e2800000| PB 0x00000000e2800000| Untracked 
|  11|0x00000000e2900000, 0x00000000e2a00000, 0x00000000e2a00000|100%| O|  |TAMS 0x00000000e2900000| PB 0x00000000e2900000| Untracked 
|  12|0x00000000e2a00000, 0x00000000e2b00000, 0x00000000e2b00000|100%| O|  |TAMS 0x00000000e2a00000| PB 0x00000000e2a00000| Untracked 
|  13|0x00000000e2b00000, 0x00000000e2c00000, 0x00000000e2c00000|100%| O|  |TAMS 0x00000000e2b00000| PB 0x00000000e2b00000| Untracked 
|  14|0x00000000e2c00000, 0x00000000e2d00000, 0x00000000e2d00000|100%| O|  |TAMS 0x00000000e2c00000| PB 0x00000000e2c00000| Untracked 
|  15|0x00000000e2d00000, 0x00000000e2e00000, 0x00000000e2e00000|100%| O|  |TAMS 0x00000000e2d00000| PB 0x00000000e2d00000| Untracked 
|  16|0x00000000e2e00000, 0x00000000e2f00000, 0x00000000e2f00000|100%| O|  |TAMS 0x00000000e2e00000| PB 0x00000000e2e00000| Untracked 
|  17|0x00000000e2f00000, 0x00000000e3000000, 0x00000000e3000000|100%| O|  |TAMS 0x00000000e2f00000| PB 0x00000000e2f00000| Untracked 
|  18|0x00000000e3000000, 0x00000000e3100000, 0x00000000e3100000|100%| O|  |TAMS 0x00000000e3000000| PB 0x00000000e3000000| Untracked 
|  19|0x00000000e3100000, 0x00000000e3200000, 0x00000000e3200000|100%| O|  |TAMS 0x00000000e3100000| PB 0x00000000e3100000| Untracked 
|  20|0x00000000e3200000, 0x00000000e3300000, 0x00000000e3300000|100%| O|  |TAMS 0x00000000e3200000| PB 0x00000000e3200000| Untracked 
|  21|0x00000000e3300000, 0x00000000e3400000, 0x00000000e3400000|100%| O|  |TAMS 0x00000000e3300000| PB 0x00000000e3300000| Untracked 
|  22|0x00000000e3400000, 0x00000000e3400000, 0x00000000e3500000|  0%| F|  |TAMS 0x00000000e3400000| PB 0x00000000e3400000| Untracked 
|  23|0x00000000e3500000, 0x00000000e3500000, 0x00000000e3600000|  0%| F|  |TAMS 0x00000000e3500000| PB 0x00000000e3500000| Untracked 
|  24|0x00000000e3600000, 0x00000000e3664a00, 0x00000000e3700000| 39%| O|  |TAMS 0x00000000e3600000| PB 0x00000000e3600000| Untracked 
|  25|0x00000000e3700000, 0x00000000e3700000, 0x00000000e3800000|  0%| F|  |TAMS 0x00000000e3700000| PB 0x00000000e3700000| Untracked 
|  26|0x00000000e3800000, 0x00000000e3800000, 0x00000000e3900000|  0%| F|  |TAMS 0x00000000e3800000| PB 0x00000000e3800000| Untracked 
|  27|0x00000000e3900000, 0x00000000e3900000, 0x00000000e3a00000|  0%| F|  |TAMS 0x00000000e3900000| PB 0x00000000e3900000| Untracked 
|  28|0x00000000e3a00000, 0x00000000e3a00000, 0x00000000e3b00000|  0%| F|  |TAMS 0x00000000e3a00000| PB 0x00000000e3a00000| Untracked 
|  29|0x00000000e3b00000, 0x00000000e3ba20d8, 0x00000000e3c00000| 63%| E|  |TAMS 0x00000000e3b00000| PB 0x00000000e3b00000| Complete 
|  30|0x00000000e3c00000, 0x00000000e3d00000, 0x00000000e3d00000|100%| E|CS|TAMS 0x00000000e3c00000| PB 0x00000000e3c00000| Complete 
|  31|0x00000000e3d00000, 0x00000000e3e00000, 0x00000000e3e00000|100%| E|CS|TAMS 0x00000000e3d00000| PB 0x00000000e3d00000| Complete 
|  32|0x00000000e3e00000, 0x00000000e3f00000, 0x00000000e3f00000|100%| E|  |TAMS 0x00000000e3e00000| PB 0x00000000e3e00000| Complete 
|  33|0x00000000e3f00000, 0x00000000e4000000, 0x00000000e4000000|100%| S|CS|TAMS 0x00000000e3f00000| PB 0x00000000e3f00000| Complete 
|  34|0x00000000e4000000, 0x00000000e4100000, 0x00000000e4100000|100%| S|CS|TAMS 0x00000000e4000000| PB 0x00000000e4000000| Complete 
|  35|0x00000000e4100000, 0x00000000e4200000, 0x00000000e4200000|100%| E|CS|TAMS 0x00000000e4100000| PB 0x00000000e4100000| Complete 
|  36|0x00000000e4200000, 0x00000000e4300000, 0x00000000e4300000|100%| E|CS|TAMS 0x00000000e4200000| PB 0x00000000e4200000| Complete 
|  37|0x00000000e4300000, 0x00000000e4400000, 0x00000000e4400000|100%| E|CS|TAMS 0x00000000e4300000| PB 0x00000000e4300000| Complete 
|  38|0x00000000e4400000, 0x00000000e4500000, 0x00000000e4500000|100%| E|CS|TAMS 0x00000000e4400000| PB 0x00000000e4400000| Complete 
|  39|0x00000000e4500000, 0x00000000e4600000, 0x00000000e4600000|100%| E|CS|TAMS 0x00000000e4500000| PB 0x00000000e4500000| Complete 
|  40|0x00000000e4600000, 0x00000000e4700000, 0x00000000e4700000|100%| E|CS|TAMS 0x00000000e4600000| PB 0x00000000e4600000| Complete 
|  41|0x00000000e4700000, 0x00000000e4800000, 0x00000000e4800000|100%| E|CS|TAMS 0x00000000e4700000| PB 0x00000000e4700000| Complete 
|  42|0x00000000e4800000, 0x00000000e4900000, 0x00000000e4900000|100%| E|CS|TAMS 0x00000000e4800000| PB 0x00000000e4800000| Complete 
|  43|0x00000000e4900000, 0x00000000e4a00000, 0x00000000e4a00000|100%| E|CS|TAMS 0x00000000e4900000| PB 0x00000000e4900000| Complete 
|  44|0x00000000e4a00000, 0x00000000e4b00000, 0x00000000e4b00000|100%| E|CS|TAMS 0x00000000e4a00000| PB 0x00000000e4a00000| Complete 

Card table byte_map: [0x0000020ff7c20000,0x0000020ff7d20000] _byte_map_base: 0x0000020ff7511000

Marking Bits: (CMBitMap*) 0x0000020fefb959b0
 Bits: [0x0000020ff7e20000, 0x0000020ff85a8000)

Polling page: 0x0000020fedae0000

Metaspace:

Usage:
  Non-class:     48.60 MB used.
      Class:      7.52 MB used.
       Both:     56.12 MB used.

Virtual space:
  Non-class space:       64.00 MB reserved,      49.00 MB ( 77%) committed,  1 nodes.
      Class space:        1.00 GB reserved,       7.88 MB ( <1%) committed,  1 nodes.
             Both:        1.06 GB reserved,      56.88 MB (  5%) committed. 

Chunk freelists:
   Non-Class:  2.92 MB
       Class:  3.98 MB
        Both:  6.91 MB

MaxMetaspaceSize: unlimited
CompressedClassSpaceSize: 1.00 GB
Initial GC threshold: 21.00 MB
Current GC threshold: 89.19 MB
CDS: on
MetaspaceReclaimPolicy: balanced
 - commit_granule_bytes: 65536.
 - commit_granule_words: 8192.
 - virtual_space_node_default_size: 8388608.
 - enlarge_chunks_in_place: 1.
 - new_chunks_are_fully_committed: 0.
 - uncommit_free_chunks: 1.
 - use_allocation_guard: 0.


Internal statistics:

num_allocs_failed_limit: 3.
num_arena_births: 872.
num_arena_deaths: 0.
num_vsnodes_births: 2.
num_vsnodes_deaths: 0.
num_space_committed: 910.
num_space_uncommitted: 0.
num_chunks_returned_to_freelist: 3.
num_chunks_taken_from_freelist: 2965.
num_chunk_merges: 3.
num_chunk_splits: 2127.
num_chunks_enlarged: 1656.
num_inconsistent_stats: 0.

CodeHeap 'non-profiled nmethods': size=120000Kb used=2181Kb max_used=2181Kb free=117818Kb
 bounds [0x0000020f87ad0000, 0x0000020f87d40000, 0x0000020f8f000000]
CodeHeap 'profiled nmethods': size=120000Kb used=8252Kb max_used=8252Kb free=111747Kb
 bounds [0x0000020f80000000, 0x0000020f80820000, 0x0000020f87530000]
CodeHeap 'non-nmethods': size=5760Kb used=1681Kb max_used=1702Kb free=4078Kb
 bounds [0x0000020f87530000, 0x0000020f877a0000, 0x0000020f87ad0000]
 total_blobs=5041 nmethods=4375 adapters=576
 compilation: enabled
              stopped_count=0, restarted_count=0
 full_count=0

Compilation events (20 events):
Event: 29.828 Thread 0x0000020ffab43a20 5030       3       java.lang.invoke.LambdaFormEditor$TransformKey::withResult (17 bytes)
Event: 29.828 Thread 0x0000020ffab43a20 nmethod 5030 0x0000020f80806110 code [0x0000020f808062c0, 0x0000020f80806640]
Event: 29.896 Thread 0x0000020ffab43a20 5035   !   3       java.net.URL::getURLStreamHandler (191 bytes)
Event: 29.897 Thread 0x0000020ffab43a20 nmethod 5035 0x0000020f80806790 code [0x0000020f80806a20, 0x0000020f80807890]
Event: 29.897 Thread 0x0000020ffab43a20 5037       3       java.util.Locale::getCountry (8 bytes)
Event: 29.897 Thread 0x0000020ffab43a20 nmethod 5037 0x0000020f80807d10 code [0x0000020f80807ea0, 0x0000020f80807fd0]
Event: 29.915 Thread 0x0000020ffab43a20 5038       3       java.lang.StringBuilder::append (8 bytes)
Event: 29.916 Thread 0x0000020ffab43a20 nmethod 5038 0x0000020f80808090 code [0x0000020f80808220, 0x0000020f80808368]
Event: 29.916 Thread 0x0000020ffab43a20 5039       3       java.lang.AbstractStringBuilder::append (60 bytes)
Event: 29.916 Thread 0x0000020ffab43a20 nmethod 5039 0x0000020f80808410 code [0x0000020f808085e0, 0x0000020f80808920]
Event: 29.917 Thread 0x0000020ffab43a20 5040       3       java.lang.invoke.LambdaFormEditor::filterArgumentsForm (74 bytes)
Event: 29.918 Thread 0x0000020ffab43a20 nmethod 5040 0x0000020f80808a90 code [0x0000020f80808c60, 0x0000020f80808ef8]
Event: 29.918 Thread 0x0000020ffab43a20 5041       3       java.lang.invoke.MethodHandles::filterArgumentChecks (44 bytes)
Event: 29.918 Thread 0x0000020ffab43a20 nmethod 5041 0x0000020f80809010 code [0x0000020f808091c0, 0x0000020f808095b8]
Event: 30.020 Thread 0x0000020ffab43a20 5043       3       java.lang.invoke.DelegatingMethodHandle$Holder::delegate (25 bytes)
Event: 30.020 Thread 0x0000020ffab43a20 nmethod 5043 0x0000020f80809810 code [0x0000020f808099c0, 0x0000020f80809f18]
Event: 30.020 Thread 0x0000020ffab43a20 5045       3       java.lang.invoke.StringConcatFactory::generateMHInlineCopy (511 bytes)
Event: 30.023 Thread 0x0000020ffab43a20 nmethod 5045 0x0000020f8080a090 code [0x0000020f8080a5c0, 0x0000020f8080d7f8]
Event: 30.023 Thread 0x0000020ffab43a20 5044   !   3       java.lang.invoke.StringConcatFactory::makeConcatWithConstants (251 bytes)
Event: 30.026 Thread 0x0000020ffab43a20 nmethod 5044 0x0000020f8080e810 code [0x0000020f8080ed00, 0x0000020f80811010]

GC Heap History (20 events):
Event: 5.485 GC heap before
{Heap before GC invocations=13 (full 0):
 garbage-first heap   total 32768K, used 27350K [0x00000000e1e00000, 0x0000000100000000)
  region size 1024K, 12 young (12288K), 1 survivors (1024K)
 Metaspace       used 31297K, committed 31872K, reserved 1114112K
  class space    used 3940K, committed 4224K, reserved 1048576K
}
Event: 5.487 GC heap after
{Heap after GC invocations=14 (full 0):
 garbage-first heap   total 32768K, used 17621K [0x00000000e1e00000, 0x0000000100000000)
  region size 1024K, 2 young (2048K), 2 survivors (2048K)
 Metaspace       used 31297K, committed 31872K, reserved 1114112K
  class space    used 3940K, committed 4224K, reserved 1048576K
}
Event: 6.429 GC heap before
{Heap before GC invocations=14 (full 0):
 garbage-first heap   total 32768K, used 25813K [0x00000000e1e00000, 0x0000000100000000)
  region size 1024K, 11 young (11264K), 2 survivors (2048K)
 Metaspace       used 33891K, committed 34496K, reserved 1114112K
  class space    used 4378K, committed 4672K, reserved 1048576K
}
Event: 6.432 GC heap after
{Heap after GC invocations=15 (full 0):
 garbage-first heap   total 32768K, used 18028K [0x00000000e1e00000, 0x0000000100000000)
  region size 1024K, 2 young (2048K), 2 survivors (2048K)
 Metaspace       used 33891K, committed 34496K, reserved 1114112K
  class space    used 4378K, committed 4672K, reserved 1048576K
}
Event: 6.666 GC heap before
{Heap before GC invocations=15 (full 0):
 garbage-first heap   total 32768K, used 25196K [0x00000000e1e00000, 0x0000000100000000)
  region size 1024K, 10 young (10240K), 2 survivors (2048K)
 Metaspace       used 36697K, committed 37248K, reserved 1114112K
  class space    used 4687K, committed 4928K, reserved 1048576K
}
Event: 6.668 GC heap after
{Heap after GC invocations=16 (full 0):
 garbage-first heap   total 32768K, used 19218K [0x00000000e1e00000, 0x0000000100000000)
  region size 1024K, 2 young (2048K), 2 survivors (2048K)
 Metaspace       used 36697K, committed 37248K, reserved 1114112K
  class space    used 4687K, committed 4928K, reserved 1048576K
}
Event: 6.888 GC heap before
{Heap before GC invocations=17 (full 0):
 garbage-first heap   total 35840K, used 25362K [0x00000000e1e00000, 0x0000000100000000)
  region size 1024K, 9 young (9216K), 2 survivors (2048K)
 Metaspace       used 38814K, committed 39360K, reserved 1114112K
  class space    used 4991K, committed 5248K, reserved 1048576K
}
Event: 6.890 GC heap after
{Heap after GC invocations=18 (full 0):
 garbage-first heap   total 35840K, used 19831K [0x00000000e1e00000, 0x0000000100000000)
  region size 1024K, 1 young (1024K), 1 survivors (1024K)
 Metaspace       used 38814K, committed 39360K, reserved 1114112K
  class space    used 4991K, committed 5248K, reserved 1048576K
}
Event: 7.158 GC heap before
{Heap before GC invocations=18 (full 0):
 garbage-first heap   total 35840K, used 30071K [0x00000000e1e00000, 0x0000000100000000)
  region size 1024K, 12 young (12288K), 1 survivors (1024K)
 Metaspace       used 42119K, committed 42688K, reserved 1114112K
  class space    used 5392K, committed 5696K, reserved 1048576K
}
Event: 7.161 GC heap after
{Heap after GC invocations=19 (full 0):
 garbage-first heap   total 35840K, used 20736K [0x00000000e1e00000, 0x0000000100000000)
  region size 1024K, 2 young (2048K), 2 survivors (2048K)
 Metaspace       used 42119K, committed 42688K, reserved 1114112K
  class space    used 5392K, committed 5696K, reserved 1048576K
}
Event: 7.410 GC heap before
{Heap before GC invocations=19 (full 0):
 garbage-first heap   total 35840K, used 28928K [0x00000000e1e00000, 0x0000000100000000)
  region size 1024K, 11 young (11264K), 2 survivors (2048K)
 Metaspace       used 45921K, committed 46592K, reserved 1114112K
  class space    used 5975K, committed 6272K, reserved 1048576K
}
Event: 7.413 GC heap after
{Heap after GC invocations=20 (full 0):
 garbage-first heap   total 35840K, used 21298K [0x00000000e1e00000, 0x0000000100000000)
  region size 1024K, 1 young (1024K), 1 survivors (1024K)
 Metaspace       used 45921K, committed 46592K, reserved 1114112K
  class space    used 5975K, committed 6272K, reserved 1048576K
}
Event: 7.709 GC heap before
{Heap before GC invocations=21 (full 0):
 garbage-first heap   total 40960K, used 30514K [0x00000000e1e00000, 0x0000000100000000)
  region size 1024K, 11 young (11264K), 1 survivors (1024K)
 Metaspace       used 48421K, committed 49024K, reserved 1114112K
  class space    used 6481K, committed 6784K, reserved 1048576K
}
Event: 7.710 GC heap after
{Heap after GC invocations=22 (full 0):
 garbage-first heap   total 40960K, used 21642K [0x00000000e1e00000, 0x0000000100000000)
  region size 1024K, 1 young (1024K), 1 survivors (1024K)
 Metaspace       used 48421K, committed 49024K, reserved 1114112K
  class space    used 6481K, committed 6784K, reserved 1048576K
}
Event: 8.403 GC heap before
{Heap before GC invocations=22 (full 0):
 garbage-first heap   total 40960K, used 35978K [0x00000000e1e00000, 0x0000000100000000)
  region size 1024K, 16 young (16384K), 1 survivors (1024K)
 Metaspace       used 52374K, committed 52992K, reserved 1114112K
  class space    used 6960K, committed 7232K, reserved 1048576K
}
Event: 8.406 GC heap after
{Heap after GC invocations=23 (full 0):
 garbage-first heap   total 40960K, used 22727K [0x00000000e1e00000, 0x0000000100000000)
  region size 1024K, 2 young (2048K), 2 survivors (2048K)
 Metaspace       used 52374K, committed 52992K, reserved 1114112K
  class space    used 6960K, committed 7232K, reserved 1048576K
}
Event: 8.683 GC heap before
{Heap before GC invocations=23 (full 0):
 garbage-first heap   total 40960K, used 36039K [0x00000000e1e00000, 0x0000000100000000)
  region size 1024K, 15 young (15360K), 2 survivors (2048K)
 Metaspace       used 53953K, committed 54592K, reserved 1114112K
  class space    used 7216K, committed 7488K, reserved 1048576K
}
Event: 8.686 GC heap after
{Heap after GC invocations=24 (full 0):
 garbage-first heap   total 40960K, used 23962K [0x00000000e1e00000, 0x0000000100000000)
  region size 1024K, 2 young (2048K), 2 survivors (2048K)
 Metaspace       used 53953K, committed 54592K, reserved 1114112K
  class space    used 7216K, committed 7488K, reserved 1048576K
}
Event: 8.923 GC heap before
{Heap before GC invocations=25 (full 0):
 garbage-first heap   total 46080K, used 34202K [0x00000000e1e00000, 0x0000000100000000)
  region size 1024K, 12 young (12288K), 2 survivors (2048K)
 Metaspace       used 55137K, committed 55744K, reserved 1114112K
  class space    used 7409K, committed 7680K, reserved 1048576K
}
Event: 8.926 GC heap after
{Heap after GC invocations=26 (full 0):
 garbage-first heap   total 46080K, used 24978K [0x00000000e1e00000, 0x0000000100000000)
  region size 1024K, 2 young (2048K), 2 survivors (2048K)
 Metaspace       used 55137K, committed 55744K, reserved 1114112K
  class space    used 7409K, committed 7680K, reserved 1048576K
}

Dll operation events (14 events):
Event: 0.024 Loaded shared library C:\Users\PC01\.jdks\openjdk-20.0.1\bin\java.dll
Event: 0.043 Loaded shared library C:\Users\PC01\.jdks\openjdk-20.0.1\bin\jsvml.dll
Event: 0.308 Loaded shared library C:\Users\PC01\.jdks\openjdk-20.0.1\bin\zip.dll
Event: 0.376 Loaded shared library C:\Users\PC01\.jdks\openjdk-20.0.1\bin\instrument.dll
Event: 0.427 Loaded shared library C:\Users\PC01\.jdks\openjdk-20.0.1\bin\net.dll
Event: 0.429 Loaded shared library C:\Users\PC01\.jdks\openjdk-20.0.1\bin\nio.dll
Event: 0.479 Loaded shared library C:\Users\PC01\.jdks\openjdk-20.0.1\bin\zip.dll
Event: 1.082 Loaded shared library C:\Program Files\JetBrains\IntelliJ IDEA Community Edition 2022.2.3\bin\breakgen64.dll
Event: 1.105 Loaded shared library C:\Users\PC01\.jdks\openjdk-20.0.1\bin\extnet.dll
Event: 1.153 Loaded shared library C:\Users\PC01\.jdks\openjdk-20.0.1\bin\jimage.dll
Event: 1.556 Loaded shared library C:\Users\PC01\.jdks\openjdk-20.0.1\bin\management.dll
Event: 1.562 Loaded shared library C:\Users\PC01\.jdks\openjdk-20.0.1\bin\management_ext.dll
Event: 4.679 Loaded shared library C:\Users\PC01\.jdks\openjdk-20.0.1\bin\sunmscapi.dll
Event: 5.701 Loaded shared library C:\Users\PC01\.jdks\openjdk-20.0.1\bin\verify.dll

Deoptimization events (20 events):
Event: 9.013 Thread 0x0000020fff7efa00 Uncommon trap: trap_request=0xffffffde fr.pc=0x0000020f87b4baf4 relative=0x0000000000000154
Event: 9.013 Thread 0x0000020fff7efa00 Uncommon trap: reason=class_check action=maybe_recompile pc=0x0000020f87b4baf4 method=org.springframework.boot.context.properties.source.ConfigurationPropertyName$Elements.charAt(II)C @ 43 c2
Event: 9.013 Thread 0x0000020fff7efa00 DEOPT PACKING pc=0x0000020f87b4baf4 sp=0x00000030869fb5c0
Event: 9.013 Thread 0x0000020fff7efa00 DEOPT UNPACKING pc=0x0000020f87599d22 sp=0x00000030869fb538 mode 2
Event: 9.024 Thread 0x0000020fff7efa00 Uncommon trap: trap_request=0xfffffff4 fr.pc=0x0000020f87bd10f8 relative=0x0000000000000258
Event: 9.024 Thread 0x0000020fff7efa00 Uncommon trap: reason=null_check action=make_not_entrant pc=0x0000020f87bd10f8 method=org.springframework.util.ClassUtils.isAssignable(Ljava/lang/Class;Ljava/lang/Class;)Z @ 14 c2
Event: 9.024 Thread 0x0000020fff7efa00 DEOPT PACKING pc=0x0000020f87bd10f8 sp=0x00000030869fe2a0
Event: 9.024 Thread 0x0000020fff7efa00 DEOPT UNPACKING pc=0x0000020f87599d22 sp=0x00000030869fe230 mode 2
Event: 9.132 Thread 0x0000020fff7efa00 Uncommon trap: trap_request=0xffffff45 fr.pc=0x0000020f87b374b8 relative=0x0000000000000878
Event: 9.132 Thread 0x0000020fff7efa00 Uncommon trap: reason=unstable_if action=reinterpret pc=0x0000020f87b374b8 method=java.lang.Integer.stringSize(I)I @ 19 c2
Event: 9.132 Thread 0x0000020fff7efa00 DEOPT PACKING pc=0x0000020f87b374b8 sp=0x00000030869fde70
Event: 9.132 Thread 0x0000020fff7efa00 DEOPT UNPACKING pc=0x0000020f87599d22 sp=0x00000030869fddb8 mode 2
Event: 9.151 Thread 0x0000020fff7efa00 Uncommon trap: trap_request=0xffffff45 fr.pc=0x0000020f87b382ec relative=0x000000000000006c
Event: 9.151 Thread 0x0000020fff7efa00 Uncommon trap: reason=unstable_if action=reinterpret pc=0x0000020f87b382ec method=org.springframework.util.ConcurrentReferenceHashMap$Segment.clear()V @ 7 c2
Event: 9.151 Thread 0x0000020fff7efa00 DEOPT PACKING pc=0x0000020f87b382ec sp=0x00000030869fe8d0
Event: 9.151 Thread 0x0000020fff7efa00 DEOPT UNPACKING pc=0x0000020f87599d22 sp=0x00000030869fe860 mode 2
Event: 9.154 Thread 0x0000020fff7efa00 Uncommon trap: trap_request=0xffffff45 fr.pc=0x0000020f87b53390 relative=0x00000000000000f0
Event: 9.154 Thread 0x0000020fff7efa00 Uncommon trap: reason=unstable_if action=reinterpret pc=0x0000020f87b53390 method=java.lang.ref.ReferenceQueue.poll()Ljava/lang/ref/Reference; @ 4 c2
Event: 9.154 Thread 0x0000020fff7efa00 DEOPT PACKING pc=0x0000020f87b53390 sp=0x00000030869fe970
Event: 9.154 Thread 0x0000020fff7efa00 DEOPT UNPACKING pc=0x0000020f87599d22 sp=0x00000030869fe838 mode 2

Classes loaded (20 events):
Event: 29.725 Loading class sun/nio/ch/SocketAdaptor
Event: 29.729 Loading class sun/nio/ch/SocketAdaptor done
Event: 29.729 Loading class sun/nio/ch/SocketChannelImpl$DefaultOptionsHolder
Event: 29.730 Loading class sun/nio/ch/SocketChannelImpl$DefaultOptionsHolder done
Event: 29.734 Loading class sun/nio/ch/SelectionKeyImpl
Event: 29.735 Loading class java/nio/channels/spi/AbstractSelectionKey
Event: 29.735 Loading class java/nio/channels/SelectionKey
Event: 29.736 Loading class java/nio/channels/SelectionKey done
Event: 29.736 Loading class java/nio/channels/spi/AbstractSelectionKey done
Event: 29.736 Loading class sun/nio/ch/SelectionKeyImpl done
Event: 29.737 Loading class java/lang/invoke/ConstantBootstraps
Event: 29.738 Loading class java/lang/invoke/ConstantBootstraps done
Event: 30.047 Loading class sun/nio/cs/ThreadLocalCoders
Event: 30.047 Loading class sun/nio/cs/ThreadLocalCoders done
Event: 30.047 Loading class sun/nio/cs/ThreadLocalCoders$1
Event: 30.047 Loading class sun/nio/cs/ThreadLocalCoders$Cache
Event: 30.047 Loading class sun/nio/cs/ThreadLocalCoders$Cache done
Event: 30.047 Loading class sun/nio/cs/ThreadLocalCoders$1 done
Event: 30.047 Loading class sun/nio/cs/ThreadLocalCoders$2
Event: 30.047 Loading class sun/nio/cs/ThreadLocalCoders$2 done

Classes unloaded (0 events):
No events

Classes redefined (0 events):
No events

Internal exceptions (20 events):
Event: 8.015 Thread 0x0000020fff7efa00 Exception <a 'java/lang/NoSuchMethodError'{0x00000000e4125e68}: 'void java.lang.invoke.DirectMethodHandle$Holder.invokeInterface(java.lang.Object, java.lang.Object)'> (0x00000000e4125e68) 
thrown [s\open\src\hotspot\share\interpreter\linkResolver.cpp, line 773]
Event: 8.067 Thread 0x0000020fff7efa00 Exception <a 'java/lang/NoSuchMethodError'{0x00000000e3f28f80}: 'java.lang.Object java.lang.invoke.DirectMethodHandle$Holder.newInvokeSpecial(java.lang.Object, java.lang.Object, java.lang.Object, java.lang.Object, java.lang.Object, java.lang.Object, java.lang.Object)'> (0x00000000e3f28f80) 
thrown [s\open\src\hotspot\share\interpreter\linkResolver.cpp, line 773]
Event: 8.265 Thread 0x0000020fff7efa00 Exception <a 'java/lang/NoSuchMethodError'{0x00000000e3ee6b98}: 'void java.lang.invoke.Invokers$Holder.invokeExact_MT(java.lang.Object, java.lang.Object, java.lang.Object, java.lang.Object)'> (0x00000000e3ee6b98) 
thrown [s\open\src\hotspot\share\interpreter\linkResolver.cpp, line 773]
Event: 8.325 Thread 0x0000020fff7efa00 Implicit null exception at 0x0000020f87b6cfc8 to 0x0000020f87b6e6c8
Event: 8.331 Thread 0x0000020fff7efa00 Exception <a 'java/lang/IncompatibleClassChangeError'{0x00000000e3981760}: Found class java.lang.Object, but interface was expected> (0x00000000e3981760) 
thrown [s\open\src\hotspot\share\interpreter\linkResolver.cpp, line 840]
Event: 8.361 Thread 0x0000020fff7efa00 Exception <a 'java/lang/IncompatibleClassChangeError'{0x00000000e38d59e0}: Found class java.lang.Object, but interface was expected> (0x00000000e38d59e0) 
thrown [s\open\src\hotspot\share\interpreter\linkResolver.cpp, line 840]
Event: 8.511 Thread 0x0000020fff7efa00 Exception <a 'java/lang/IncompatibleClassChangeError'{0x00000000e4128790}: Found class java.lang.Object, but interface was expected> (0x00000000e4128790) 
thrown [s\open\src\hotspot\share\interpreter\linkResolver.cpp, line 840]
Event: 8.626 Thread 0x0000020fff7efa00 Exception <a 'java/lang/IncompatibleClassChangeError'{0x00000000e3b96af8}: Found class java.lang.Object, but interface was expected> (0x00000000e3b96af8) 
thrown [s\open\src\hotspot\share\interpreter\linkResolver.cpp, line 840]
Event: 8.678 Thread 0x0000020fff7efa00 Exception <a 'java/lang/NoSuchMethodError'{0x00000000e39adcf0}: 'java.lang.Object java.lang.invoke.DirectMethodHandle$Holder.newInvokeSpecial(java.lang.Object, java.lang.Object, java.lang.Object, java.lang.Object, java.lang.Object, java.lang.Object, java.lang.Object, java.lang.Object)'> (0x00000000e39adcf0) 
thrown [s\open\src\hotspot\share\interpreter\linkResolver.cpp, line 773]
Event: 8.829 Thread 0x0000020fff7efa00 Exception <a 'java/lang/NoSuchMethodError'{0x00000000e463a648}: 'void java.lang.invoke.DirectMethodHandle$Holder.invokeVirtual(java.lang.Object, java.lang.Object, long)'> (0x00000000e463a648) 
thrown [s\open\src\hotspot\share\interpreter\linkResolver.cpp, line 773]
Event: 8.967 Thread 0x0000020fff7efa00 Exception <a 'java/lang/IncompatibleClassChangeError'{0x00000000e49dd660}: Found class java.lang.Object, but interface was expected> (0x00000000e49dd660) 
thrown [s\open\src\hotspot\share\interpreter\linkResolver.cpp, line 840]
Event: 8.997 Thread 0x0000020fff7efa00 Exception <a 'java/lang/NoSuchMethodError'{0x00000000e474d290}: 'int java.lang.invoke.DirectMethodHandle$Holder.invokeStaticInit(java.lang.Object, java.lang.Object, java.lang.Object, java.lang.Object)'> (0x00000000e474d290) 
thrown [s\open\src\hotspot\share\interpreter\linkResolver.cpp, line 773]
Event: 9.024 Thread 0x0000020fff7efa00 Implicit null exception at 0x0000020f87bd0ec8 to 0x0000020f87bd10e4
Event: 9.095 Thread 0x0000020fff7efa00 Exception <a 'java/net/BindException'{0x00000000e438bb68}: Address already in use: bind> (0x00000000e438bb68) 
thrown [s\open\src\hotspot\share\prims\jni.cpp, line 538]
Event: 9.105 Thread 0x0000020fff7efa00 Exception <a 'java/lang/NoSuchMethodError'{0x00000000e422db40}: 'java.lang.Object java.lang.invoke.DirectMethodHandle$Holder.newInvokeSpecial(java.lang.Object, java.lang.Object, int, java.lang.Object, java.lang.Object)'> (0x00000000e422db40) 
thrown [s\open\src\hotspot\share\interpreter\linkResolver.cpp, line 773]
Event: 9.106 Thread 0x0000020fff7efa00 Exception <a 'java/lang/NoSuchMethodError'{0x00000000e4238c50}: 'java.lang.Object java.lang.invoke.DirectMethodHandle$Holder.invokeSpecial(java.lang.Object, java.lang.Object, int, java.lang.Object, int, java.lang.Object)'> (0x00000000e4238c50) 
thrown [s\open\src\hotspot\share\interpreter\linkResolver.cpp, line 773]
Event: 9.107 Thread 0x0000020fff7efa00 Exception <a 'java/lang/NoSuchMethodError'{0x00000000e4240a20}: 'java.lang.Object java.lang.invoke.DirectMethodHandle$Holder.newInvokeSpecial(java.lang.Object, java.lang.Object, int, java.lang.Object, int)'> (0x00000000e4240a20) 
thrown [s\open\src\hotspot\share\interpreter\linkResolver.cpp, line 773]
Event: 9.107 Thread 0x0000020fff7efa00 Exception <a 'java/lang/NoSuchMethodError'{0x00000000e4244890}: 'java.lang.Object java.lang.invoke.DirectMethodHandle$Holder.invokeSpecial(java.lang.Object, java.lang.Object, java.lang.Object, int, java.lang.Object, int)'> (0x00000000e4244890) 
thrown [s\open\src\hotspot\share\interpreter\linkResolver.cpp, line 773]
Event: 29.831 Thread 0x0000020f8f5345a0 Exception <a 'java/lang/NoSuchMethodError'{0x00000000e3c2cb18}: 'java.lang.Object java.lang.invoke.DirectMethodHandle$Holder.invokeSpecial(java.lang.Object, java.lang.Object, java.lang.Object, java.lang.Object, java.lang.Object, long)'> (0x00000000e3c2cb18) 
thrown [s\open\src\hotspot\share\interpreter\linkResolver.cpp, line 773]
Event: 29.832 Thread 0x0000020f8f5345a0 Exception <a 'java/lang/NoSuchMethodError'{0x00000000e3c302d8}: 'java.lang.Object java.lang.invoke.Invokers$Holder.linkToTargetMethod(java.lang.Object, java.lang.Object, java.lang.Object, long, java.lang.Object)'> (0x00000000e3c302d8) 
thrown [s\open\src\hotspot\share\interpreter\linkResolver.cpp, line 773]

VM Operations (20 events):
Event: 8.738 Executing VM operation: G1PauseCleanup
Event: 8.738 Executing VM operation: G1PauseCleanup done
Event: 8.851 Executing VM operation: HandshakeAllThreads
Event: 8.851 Executing VM operation: HandshakeAllThreads done
Event: 8.923 Executing VM operation: G1CollectForAllocation
Event: 8.926 Executing VM operation: G1CollectForAllocation done
Event: 8.948 Executing VM operation: HandshakeAllThreads
Event: 8.948 Executing VM operation: HandshakeAllThreads done
Event: 9.154 Executing VM operation: HandshakeAllThreads
Event: 9.154 Executing VM operation: HandshakeAllThreads done
Event: 10.154 Executing VM operation: Cleanup
Event: 10.154 Executing VM operation: Cleanup done
Event: 13.188 Executing VM operation: Cleanup
Event: 13.188 Executing VM operation: Cleanup done
Event: 26.309 Executing VM operation: Cleanup
Event: 26.310 Executing VM operation: Cleanup done
Event: 29.864 Executing VM operation: HandshakeAllThreads
Event: 29.864 Executing VM operation: HandshakeAllThreads done
Event: 29.864 Executing VM operation: Cleanup
Event: 29.864 Executing VM operation: Cleanup done

Events (20 events):
Event: 8.724 Thread 0x0000020ffaadc340 flushing nmethod 0x0000020f87b33790
Event: 8.724 Thread 0x0000020ffaadc340 flushing nmethod 0x0000020f87b2e910
Event: 9.088 Thread 0x0000020f8f533b00 Thread added: 0x0000020f8f533b00
Event: 9.118 Thread 0x0000020f8f5345a0 Thread added: 0x0000020f8f5345a0
Event: 9.118 Thread 0x0000020f8f534af0 Thread added: 0x0000020f8f534af0
Event: 9.118 Thread 0x0000020f91497020 Thread added: 0x0000020f91497020
Event: 9.118 Thread 0x0000020f91497570 Thread added: 0x0000020f91497570
Event: 9.118 Thread 0x0000020f91499550 Thread added: 0x0000020f91499550
Event: 9.118 Thread 0x0000020f91494050 Thread added: 0x0000020f91494050
Event: 9.118 Thread 0x0000020f91493060 Thread added: 0x0000020f91493060
Event: 9.119 Thread 0x0000020f91498ab0 Thread added: 0x0000020f91498ab0
Event: 9.119 Thread 0x0000020f91497ac0 Thread added: 0x0000020f91497ac0
Event: 9.119 Thread 0x0000020f91498560 Thread added: 0x0000020f91498560
Event: 9.138 Thread 0x0000020f91493b00 Thread added: 0x0000020f91493b00
Event: 9.139 Thread 0x0000020f91499000 Thread added: 0x0000020f91499000
Event: 9.159 Thread 0x0000020fff7efa00 Thread exited: 0x0000020fff7efa00
Event: 9.164 Thread 0x0000020fff3c2fd0 Thread exited: 0x0000020fff3c2fd0
Event: 9.165 Thread 0x0000020fefb63190 Thread exited: 0x0000020fefb63190
Event: 9.165 Thread 0x0000020f91499aa0 Thread added: 0x0000020f91499aa0
Event: 12.020 Thread 0x0000020f8f533060 Thread exited: 0x0000020f8f533060


Dynamic libraries:
0x00007ff7e48e0000 - 0x00007ff7e48ee000 	C:\Users\PC01\.jdks\openjdk-20.0.1\bin\java.exe
0x00007ffaea870000 - 0x00007ffaeaa68000 	C:\Windows\SYSTEM32\ntdll.dll
0x00007ffaea6e0000 - 0x00007ffaea79f000 	C:\Windows\System32\KERNEL32.DLL
0x00007ffae80f0000 - 0x00007ffae83e6000 	C:\Windows\System32\KERNELBASE.dll
0x00007ffae87d0000 - 0x00007ffae88d0000 	C:\Windows\System32\ucrtbase.dll
0x00007ffac6860000 - 0x00007ffac687b000 	C:\Users\PC01\.jdks\openjdk-20.0.1\bin\VCRUNTIME140.dll
0x00007ffad0110000 - 0x00007ffad0127000 	C:\Users\PC01\.jdks\openjdk-20.0.1\bin\jli.dll
0x00007ffae8e40000 - 0x00007ffae8fdd000 	C:\Windows\System32\USER32.dll
0x00007ffae80c0000 - 0x00007ffae80e2000 	C:\Windows\System32\win32u.dll
0x00007ffae8c10000 - 0x00007ffae8c3c000 	C:\Windows\System32\GDI32.dll
0x00007ffae7f50000 - 0x00007ffae8065000 	C:\Windows\System32\gdi32full.dll
0x00007ffadb0e0000 - 0x00007ffadb37a000 	C:\Windows\WinSxS\amd64_microsoft.windows.common-controls_6595b64144ccf1df_6.0.19041.1110_none_60b5254171f9507e\COMCTL32.dll
0x00007ffae89c0000 - 0x00007ffae8a5e000 	C:\Windows\System32\msvcrt.dll
0x00007ffae8510000 - 0x00007ffae85ad000 	C:\Windows\System32\msvcp_win.dll
0x00007ffae9510000 - 0x00007ffae9540000 	C:\Windows\System32\IMM32.DLL
0x00007ffacc150000 - 0x00007ffacc15c000 	C:\Users\PC01\.jdks\openjdk-20.0.1\bin\vcruntime140_1.dll
0x00007ffac5f60000 - 0x00007ffac5fee000 	C:\Users\PC01\.jdks\openjdk-20.0.1\bin\msvcp140.dll
0x00007ffab9190000 - 0x00007ffab9e27000 	C:\Users\PC01\.jdks\openjdk-20.0.1\bin\server\jvm.dll
0x00007ffae9450000 - 0x00007ffae94ff000 	C:\Windows\System32\ADVAPI32.dll
0x00007ffaea640000 - 0x00007ffaea6dc000 	C:\Windows\System32\sechost.dll
0x00007ffae8d10000 - 0x00007ffae8e36000 	C:\Windows\System32\RPCRT4.dll
0x00007ffada4c0000 - 0x00007ffada4c9000 	C:\Windows\SYSTEM32\WSOCK32.dll
0x00007ffaea7a0000 - 0x00007ffaea80b000 	C:\Windows\System32\WS2_32.dll
0x00007ffadd210000 - 0x00007ffadd237000 	C:\Windows\SYSTEM32\WINMM.dll
0x00007ffada960000 - 0x00007ffada96a000 	C:\Windows\SYSTEM32\VERSION.dll
0x00007ffae5e30000 - 0x00007ffae5e42000 	C:\Windows\SYSTEM32\kernel.appcore.dll
0x00007ffacaa50000 - 0x00007ffacaa5a000 	C:\Users\PC01\.jdks\openjdk-20.0.1\bin\jimage.dll
0x00007ffad9c50000 - 0x00007ffad9e34000 	C:\Windows\SYSTEM32\DBGHELP.DLL
0x00007ffad9480000 - 0x00007ffad94b4000 	C:\Windows\SYSTEM32\dbgcore.DLL
0x00007ffae8710000 - 0x00007ffae8792000 	C:\Windows\System32\bcryptPrimitives.dll
0x00007ffae2760000 - 0x00007ffae276e000 	C:\Users\PC01\.jdks\openjdk-20.0.1\bin\instrument.dll
0x00007ffac5ba0000 - 0x00007ffac5bc6000 	C:\Users\PC01\.jdks\openjdk-20.0.1\bin\java.dll
0x00007ffabc200000 - 0x00007ffabc2d7000 	C:\Users\PC01\.jdks\openjdk-20.0.1\bin\jsvml.dll
0x00007ffae9790000 - 0x00007ffae9ed4000 	C:\Windows\System32\SHELL32.dll
0x00007ffae6030000 - 0x00007ffae67c3000 	C:\Windows\SYSTEM32\windows.storage.dll
0x00007ffae9ee0000 - 0x00007ffaea234000 	C:\Windows\System32\combase.dll
0x00007ffae78d0000 - 0x00007ffae78fe000 	C:\Windows\SYSTEM32\Wldp.dll
0x00007ffae95c0000 - 0x00007ffae966d000 	C:\Windows\System32\SHCORE.dll
0x00007ffae9730000 - 0x00007ffae9785000 	C:\Windows\System32\shlwapi.dll
0x00007ffae7e90000 - 0x00007ffae7eaf000 	C:\Windows\SYSTEM32\profapi.dll
0x00007ffac5b60000 - 0x00007ffac5b78000 	C:\Users\PC01\.jdks\openjdk-20.0.1\bin\zip.dll
0x00007ffac5f40000 - 0x00007ffac5f53000 	C:\Users\PC01\.jdks\openjdk-20.0.1\bin\net.dll
0x00007ffae1a10000 - 0x00007ffae1b1a000 	C:\Windows\SYSTEM32\WINHTTP.dll
0x00007ffae7630000 - 0x00007ffae769a000 	C:\Windows\system32\mswsock.dll
0x00007ffac5b80000 - 0x00007ffac5b96000 	C:\Users\PC01\.jdks\openjdk-20.0.1\bin\nio.dll
0x00007ffae0c30000 - 0x00007ffae0c4a000 	C:\Program Files\JetBrains\IntelliJ IDEA Community Edition 2022.2.3\bin\breakgen64.dll
0x00007ffac9e90000 - 0x00007ffac9e97000 	C:\Users\PC01\.jdks\openjdk-20.0.1\bin\extnet.dll
0x00007ffac6160000 - 0x00007ffac616a000 	C:\Users\PC01\.jdks\openjdk-20.0.1\bin\management.dll
0x00007ffac5b50000 - 0x00007ffac5b5b000 	C:\Users\PC01\.jdks\openjdk-20.0.1\bin\management_ext.dll
0x00007ffae8a70000 - 0x00007ffae8a78000 	C:\Windows\System32\PSAPI.DLL
0x00007ffae7830000 - 0x00007ffae7848000 	C:\Windows\SYSTEM32\CRYPTSP.dll
0x00007ffae6f50000 - 0x00007ffae6f84000 	C:\Windows\system32\rsaenh.dll
0x00007ffae87a0000 - 0x00007ffae87c7000 	C:\Windows\System32\bcrypt.dll
0x00007ffae7e50000 - 0x00007ffae7e7e000 	C:\Windows\SYSTEM32\USERENV.dll
0x00007ffae7820000 - 0x00007ffae782c000 	C:\Windows\SYSTEM32\CRYPTBASE.dll
0x00007ffae7320000 - 0x00007ffae735c000 	C:\Windows\SYSTEM32\IPHLPAPI.DLL
0x00007ffae8a60000 - 0x00007ffae8a68000 	C:\Windows\System32\NSI.dll
0x00007ffae2480000 - 0x00007ffae2497000 	C:\Windows\SYSTEM32\dhcpcsvc6.DLL
0x00007ffae2400000 - 0x00007ffae241d000 	C:\Windows\SYSTEM32\dhcpcsvc.DLL
0x00007ffae7360000 - 0x00007ffae742b000 	C:\Windows\SYSTEM32\DNSAPI.dll
0x00007ffac5b40000 - 0x00007ffac5b4e000 	C:\Users\PC01\.jdks\openjdk-20.0.1\bin\sunmscapi.dll
0x00007ffae85b0000 - 0x00007ffae870e000 	C:\Windows\System32\CRYPT32.dll
0x00007ffae7940000 - 0x00007ffae7968000 	C:\Windows\SYSTEM32\ncrypt.dll
0x00007ffae7900000 - 0x00007ffae793b000 	C:\Windows\SYSTEM32\NTASN1.dll
0x00007ffac68a0000 - 0x00007ffac68b0000 	C:\Users\PC01\.jdks\openjdk-20.0.1\bin\verify.dll
0x00007ffadd150000 - 0x00007ffadd15a000 	C:\Windows\System32\rasadhlp.dll
0x00007ffadc980000 - 0x00007ffadca02000 	C:\Windows\System32\fwpuclnt.dll
0x00007ffad57f0000 - 0x00007ffad57f7000 	C:\Windows\system32\wshunix.dll

dbghelp: loaded successfully - version: 4.0.5 - missing functions: none
symbol engine: initialized successfully - sym options: 0x614 - pdb path: .;C:\Users\PC01\.jdks\openjdk-20.0.1\bin;C:\Windows\SYSTEM32;C:\Windows\WinSxS\amd64_microsoft.windows.common-controls_6595b64144ccf1df_6.0.19041.1110_none_60b5254171f9507e;C:\Users\PC01\.jdks\openjdk-20.0.1\bin\server;C:\Program Files\JetBrains\IntelliJ IDEA Community Edition 2022.2.3\bin

VM Arguments:
jvm_args: -javaagent:C:\Program Files\JetBrains\IntelliJ IDEA Community Edition 2022.2.3\lib\idea_rt.jar=50194:C:\Program Files\JetBrains\IntelliJ IDEA Community Edition 2022.2.3\bin -Dfile.encoding=UTF-8 -Dsun.stdout.encoding=UTF-8 -Dsun.stderr.encoding=UTF-8 
java_command: com.laxosoft.serviceasistencia.ServiceAsistenciaApplication
java_class_path (initial): C:\Users\PC01\Desktop\service-asistencia\target\classes;C:\Users\PC01\.m2\repository\org\springframework\boot\spring-boot-starter-data-jpa\3.1.0\spring-boot-starter-data-jpa-3.1.0.jar;C:\Users\PC01\.m2\repository\org\springframework\boot\spring-boot-starter-aop\3.1.0\spring-boot-starter-aop-3.1.0.jar;C:\Users\PC01\.m2\repository\org\springframework\spring-aop\6.0.9\spring-aop-6.0.9.jar;C:\Users\PC01\.m2\repository\org\aspectj\aspectjweaver\1.9.19\aspectjweaver-1.9.19.jar;C:\Users\PC01\.m2\repository\org\springframework\boot\spring-boot-starter-jdbc\3.1.0\spring-boot-starter-jdbc-3.1.0.jar;C:\Users\PC01\.m2\repository\com\zaxxer\HikariCP\5.0.1\HikariCP-5.0.1.jar;C:\Users\PC01\.m2\repository\org\springframework\spring-jdbc\6.0.9\spring-jdbc-6.0.9.jar;C:\Users\PC01\.m2\repository\org\hibernate\orm\hibernate-core\6.2.2.Final\hibernate-core-6.2.2.Final.jar;C:\Users\PC01\.m2\repository\jakarta\persistence\jakarta.persistence-api\3.1.0\jakarta.persistence-api-3.1.0.jar;C:\Users\PC01\.m2\repository\jakarta\transaction\jakarta.transaction-api\2.0.1\jakarta.transaction-api-2.0.1.jar;C:\Users\PC01\.m2\repository\org\jboss\logging\jboss-logging\3.5.0.Final\jboss-logging-3.5.0.Final.jar;C:\Users\PC01\.m2\repository\org\hibernate\common\hibernate-commons-annotations\6.0.6.Final\hibernate-commons-annotations-6.0.6.Final.jar;C:\Users\PC01\.m2\repository\io\smallrye\jandex\3.0.5\jandex-3.0.5.jar;C:\Users\PC01\.m2\repository\com\fasterxml\classmate\1.5.1\classmate-1.5.1.jar;C:\Users\PC01\.m2\repository\net\bytebuddy\byte-buddy\1.14.4\byte-buddy-1.14.4.jar;C:\Users\PC01\.m2\repository\org\glassfish\jaxb\jaxb-runtime\4.0.2\jaxb-runtime-4.0.2.jar;C:\Users\PC01\.m2\repository\org\glassfish\jaxb\jaxb-core\4.0.2\jaxb-core-4.0.2.jar;C:\Users\PC01\.m2\repository\org\eclipse\angus\angus-activation\2.0.0\angus-activation-2.0.0.jar;C:\Users\PC01\.m2\repository\org\glassfish\jaxb\txw2\4.0.2\txw2-4.0.2.jar;C:\Users\PC01\.m2\repository\com\sun\istack\istack-commons-runtime\4.1.1\istack-commons-runtime-4.1.1.jar;C:\Users\PC01\.m2\repository\jakarta\inject\jakarta.inject-api\2.0.1\jakarta.inject-api-2.0.1.jar;C:\Users\PC01\.m2\repository\org\antlr\antlr4-runtime\4.10.1\antlr4-runtime-4.10.1.jar;C:\Users\PC01\.m2\repository\org\springframework\data\spring-data-jpa\3.1.0\spring-data-jpa-3.1.0.jar;C:\Users\PC01\.m2\repository\org\springframework\data\spring-data-commons\3.1.0\spring-data-commons-3.1.0.jar;C:\Users\PC01\.m2\repository\org\springframework\spring-orm\6.0.9\spring-orm-6.0.9.jar;C:\Users\PC01\.m2\repository\org\springframework\spring-context\6.0.9\spring-context-6.0.9.jar;C:\Users\PC01\.m2\repository\org\springframework\spring-tx\6.0.9\spring-tx-6.0.9.jar;C:\Users\PC01\.m2\repository\org\springframework\spring-beans\6.0.9\spring-beans-6.0.9.jar;C:\Users\PC01\.m2\repository\jakarta\annotation\jakarta.annotation-api\2.1.1\jakarta.annotation-api-2.1.1.jar;C:\Users\PC01\.m2\repository\org\slf4j\slf4j-api\2.0.7\slf4j-api-2.0.7.jar;C:\Users\PC01\.m2\repository\org\springframework\spring-aspects\6.0.9\spring-aspects-6.0.9.jar;C:\Users\PC01\.m2\repository\org\springframework\boot\spring-boot-starter-web\3.1.0\spring-boot-starter-web-3.1.0.jar;C:\Users\PC01\.m2\repository\org\springframework\boot\spring-boot-starter\3.1.0\spring-boot-starter-3.1.0.jar;C:\Users\PC01\.m2\repository\org\springframework\boot\spring-boot-starter-logging\3.1.0\spring-boot-starter-logging-3.1.0.jar;C:\Users\PC01\.m2\repository\ch\qos\logback\logback-classic\1.4.7\logback-classic-1.4.7.jar;C:\Users\PC01\.m2\repository\ch\qos\logback\logback-core\1.4.7\logback-core-1.4.7.jar;C:\Users\PC01\.m2\repository\org\apache\logging\log4j\log4j-to-slf4j\2.20.0\log4j-to-slf4j-2.20.0.jar;C:\Users\PC01\.m2\repository\org\apache\logging\log4j\log4j-api\2.20.0\log4j-api-2.20.0.jar;C:\Users\PC01\.m2\repository\org\slf4j\jul-to-slf4j\2.0.7\jul-to-slf4j-2.0.7.jar;C:\Users\PC01\.m2\repository\org\yaml\snakeyaml\1.33\snakeyaml-1.33.jar;C:\Users\PC01\.m2\repository\org\springframework\boot\spring-boot-starter-json\3.1.0\spring-boot-starter-json-3.1.0.jar;C:\Users\PC01\.m2\repository\com\fasterxml\jackson\core\jackson-databind\2.15.0\jackson-databind-2.15.0.jar;C:\Users\PC01\.m2\repository\com\fasterxml\jackson\core\jackson-annotations\2.15.0\jackson-annotations-2.15.0.jar;C:\Users\PC01\.m2\repository\com\fasterxml\jackson\core\jackson-core\2.15.0\jackson-core-2.15.0.jar;C:\Users\PC01\.m2\repository\com\fasterxml\jackson\datatype\jackson-datatype-jdk8\2.15.0\jackson-datatype-jdk8-2.15.0.jar;C:\Users\PC01\.m2\repository\com\fasterxml\jackson\datatype\jackson-datatype-jsr310\2.15.0\jackson-datatype-jsr310-2.15.0.jar;C:\Users\PC01\.m2\repository\com\fasterxml\jackson\module\jackson-module-parameter-names\2.15.0\jackson-module-parameter-names-2.15.0.jar;C:\Users\PC01\.m2\repository\org\springframework\boot\spring-boot-starter-tomcat\3.1.0\spring-boot-starter-tomcat-3.1.0.jar;C:\Users\PC01\.m2\repository\org\apache\tomcat\embed\tomcat-embed-core\10.1.8\tomcat-embed-core-10.1.8.jar;C:\Users\PC01\.m2\repository\org\apache\tomcat\embed\tomcat-embed-el\10.1.8\tomcat-embed-el-10.1.8.jar;C:\Users\PC01\.m2\repository\org\apache\tomcat\embed\tomcat-embed-websocket\10.1.8\tomcat-embed-websocket-10.1.8.jar;C:\Users\PC01\.m2\repository\org\springframework\spring-web\6.0.9\spring-web-6.0.9.jar;C:\Users\PC01\.m2\repository\io\micrometer\micrometer-observation\1.11.0\micrometer-observation-1.11.0.jar;C:\Users\PC01\.m2\repository\io\micrometer\micrometer-commons\1.11.0\micrometer-commons-1.11.0.jar;C:\Users\PC01\.m2\repository\org\springframework\spring-webmvc\6.0.9\spring-webmvc-6.0.9.jar;C:\Users\PC01\.m2\repository\org\springframework\spring-expression\6.0.9\spring-expression-6.0.9.jar;C:\Users\PC01\.m2\repository\org\springframework\boot\spring-boot-devtools\3.1.0\spring-boot-devtools-3.1.0.jar;C:\Users\PC01\.m2\repository\org\springframework\boot\spring-boot\3.1.0\spring-boot-3.1.0.jar;C:\Users\PC01\.m2\repository\org\springframework\boot\spring-boot-autoconfigure\3.1.0\spring-boot-autoconfigure-3.1.0.jar;C:\Users\PC01\.m2\repository\com\mysql\mysql-connector-j\8.0.33\mysql-connector-j-8.0.33.jar;C:\Users\PC01\.m2\repository\org\projectlombok\lombok\1.18.26\lombok-1.18.26.jar;C:\Users\PC01\.m2\repository\jakarta\xml\bind\jakarta.xml.bind-api\4.0.0\jakarta.xml.bind-api-4.0.0.jar;C:\Users\PC01\.m2\repository\jakarta\activation\jakarta.activation-api\2.1.2\jakarta.activation-api-2.1.2.jar;C:\Users\PC01\.m2\repository\org\springframework\spring-core\6.0.9\spring-core-6.0.9.jar;C:\Users\PC01\.m2\repository\org\springframework\spring-jcl\6.0.9\spring-jcl-6.0.9.jar
Launcher Type: SUN_STANDARD

[Global flags]
     intx CICompilerCount                          = 3                                         {product} {ergonomic}
     uint ConcGCThreads                            = 1                                         {product} {ergonomic}
     uint G1ConcRefinementThreads                  = 4                                         {product} {ergonomic}
   size_t G1HeapRegionSize                         = 1048576                                   {product} {ergonomic}
    uintx GCDrainStackTargetSize                   = 64                                        {product} {ergonomic}
   size_t InitialHeapSize                          = 33554432                                  {product} {ergonomic}
   size_t MarkStackSize                            = 4194304                                   {product} {ergonomic}
   size_t MaxHeapSize                              = 505413632                                 {product} {ergonomic}
   size_t MaxNewSize                               = 303038464                                 {product} {ergonomic}
   size_t MinHeapDeltaBytes                        = 1048576                                   {product} {ergonomic}
   size_t MinHeapSize                              = 8388608                                   {product} {ergonomic}
    uintx NonNMethodCodeHeapSize                   = 5832780                                {pd product} {ergonomic}
    uintx NonProfiledCodeHeapSize                  = 122912730                              {pd product} {ergonomic}
    uintx ProfiledCodeHeapSize                     = 122912730                              {pd product} {ergonomic}
    uintx ReservedCodeCacheSize                    = 251658240                              {pd product} {ergonomic}
     bool SegmentedCodeCache                       = true                                      {product} {ergonomic}
   size_t SoftMaxHeapSize                          = 505413632                              {manageable} {ergonomic}
     bool UseCompressedClassPointers               = true                           {product lp64_product} {ergonomic}
     bool UseCompressedOops                        = true                           {product lp64_product} {ergonomic}
     bool UseG1GC                                  = true                                      {product} {ergonomic}
     bool UseLargePagesIndividualAllocation        = false                                  {pd product} {ergonomic}

Logging:
Log output configuration:
 #0: stdout all=warning uptime,level,tags foldmultilines=false
 #1: stderr all=off uptime,level,tags foldmultilines=false

Environment Variables:
PATH=C:\Program Files\Java\jdk-13\bin;C:\oraclexe\app\oracle\product\11.2.0\server\bin;C:\ProgramData\Oracle\Java\javapath;C:\Program Files\Common Files\Oracle\Java\javapath;C:\Program Files (x86)\Common Files\Oracle\Java\javapath;C:\Program Files\Eclipse Adoptium\jdk-17.0.5.8-hotspot\bin;C:\Windows\system32;C:\Windows;C:\Windows\System32\Wbem;C:\Windows\System32\WindowsPowerShell\v1.0\;C:\Windows\System32\OpenSSH\;C:\Program Files\Git\cmd;C:\Program Files\nodejs\;C:\Program Files\Docker\Docker\resources\bin;%JAVA MAVEN%\bin;C:\Program Files\Java\jdk-13\bin;C:\Users\PC01\AppData\Local\Programs\Microsoft VS Code\bin;
USERNAME=PC01
OS=Windows_NT
PROCESSOR_IDENTIFIER=Intel64 Family 6 Model 58 Stepping 9, GenuineIntel
TMP=C:\Users\PC01\AppData\Local\Temp
TEMP=C:\Users\PC01\AppData\Local\Temp




---------------  S Y S T E M  ---------------

OS:
 Windows 10 , 64 bit Build 19041 (10.0.19041.2913)
OS uptime: 0 days 0:15 hours

CPU: total 4 (initial active 4) (4 cores per cpu, 1 threads per core) family 6 model 58 stepping 9 microcode 0x21, cx8, cmov, fxsr, mmx, sse, sse2, sse3, ssse3, sse4.1, sse4.2, popcnt, tsc, tscinvbit, avx, aes, erms, clmul, vzeroupper, clflush, rdtscp, f16c

Memory: 4k page, system-wide physical 1922M (184M free)
TotalPageFile size 7810M (AvailPageFile size 5M)
current process WorkingSet (physical memory assigned to process): 93M, peak: 192M
current process commit charge ("private bytes"): 234M, peak: 235M

vm_info: OpenJDK 64-Bit Server VM (20.0.1+9-29) for windows-amd64 JRE (20.0.1+9-29), built on 2023-03-07T13:56:11Z by "mach5one" with MS VC++ 17.1 (VS2022)

END.
