#
# There is insufficient memory for the Java Runtime Environment to continue.
# Native memory allocation (malloc) failed to allocate 734176 bytes for Chunk::new
# Possible reasons:
#   The system is out of physical RAM or swap space
#   The process is running with CompressedOops enabled, and the Java Heap may be blocking the growth of the native heap
# Possible solutions:
#   Reduce memory load on the system
#   Increase physical memory or swap space
#   Check if swap backing store is full
#   Decrease Java heap size (-Xmx/-Xms)
#   Decrease number of Java threads
#   Decrease Java thread stack sizes (-Xss)
#   Set larger code cache with -XX:ReservedCodeCacheSize=
#   JVM is running with Unscaled Compressed Oops mode in which the Java heap is
#     placed in the first 4GB address space. The Java Heap base address is the
#     maximum limit for the native heap growth. Please use -XX:HeapBaseMinAddress
#     to set the Java Heap base and to place the Java Heap above 4GB virtual address.
# This output file may be truncated or incomplete.
#
#  Out of Memory Error (arena.cpp:184), pid=3504, tid=4768
#
# JRE version: OpenJDK Runtime Environment (20.0.1+9) (build 20.0.1+9-29)
# Java VM: OpenJDK 64-Bit Server VM (20.0.1+9-29, mixed mode, sharing, tiered, compressed oops, compressed class ptrs, g1 gc, windows-amd64)
# No core dump will be written. Minidumps are not enabled by default on client versions of Windows
#

---------------  S U M M A R Y ------------

Command Line: -javaagent:C:\Program Files\JetBrains\IntelliJ IDEA Community Edition 2022.2.3\lib\idea_rt.jar=50360:C:\Program Files\JetBrains\IntelliJ IDEA Community Edition 2022.2.3\bin -Dfile.encoding=UTF-8 -Dsun.stdout.encoding=UTF-8 -Dsun.stderr.encoding=UTF-8 com.laxosoft.serviceasistencia.ServiceAsistenciaApplication

Host: Intel(R) Core(TM) i5-3470 CPU @ 3.20GHz, 4 cores, 1G,  Windows 10 , 64 bit Build 19041 (10.0.19041.2913)
Time: Sat Jun 10 12:38:36 2023 Hora est. Pacífico, Sudamérica elapsed time: 1239.763791 seconds (0d 0h 20m 39s)

---------------  T H R E A D  ---------------

Current thread (0x0000019b64731e90):  JavaThread "C2 CompilerThread0" daemon [_thread_in_native, id=4768, stack(0x0000008aa9900000,0x0000008aa9a00000)]


Current CompileTask:
C2:1239764 5690   !   4       jdk.internal.loader.BuiltinClassLoader::findClassOnClassPathOrNull (64 bytes)

Stack: [0x0000008aa9900000,0x0000008aa9a00000]
Native frames: (J=compiled Java code, j=interpreted, Vv=VM code, C=native code)
V  [jvm.dll+0x6bb95a]
V  [jvm.dll+0x8485fa]
V  [jvm.dll+0x84a1f5]
V  [jvm.dll+0x84a8f3]
V  [jvm.dll+0x280b0f]
V  [jvm.dll+0xc2b11]
V  [jvm.dll+0xc2e35]
V  [jvm.dll+0x2f5dbf]
V  [jvm.dll+0x5e32eb]
V  [jvm.dll+0x2543b4]
V  [jvm.dll+0x24cc3a]
V  [jvm.dll+0x24a549]
V  [jvm.dll+0x1ce491]
V  [jvm.dll+0x259e1b]
V  [jvm.dll+0x2584f0]
V  [jvm.dll+0x3f2895]
V  [jvm.dll+0x7f4b56]
V  [jvm.dll+0x6ba5cb]
C  [ucrtbase.dll+0x21bb2]
C  [KERNEL32.DLL+0x17614]
C  [ntdll.dll+0x526a1]


---------------  P R O C E S S  ---------------

Threads class SMR info:
_java_thread_list=0x0000019b6a2efb60, length=30, elements={
0x0000019b64716d80, 0x0000019b64717b80, 0x0000019b6471d030, 0x0000019b6471fa80,
0x0000019b647213d0, 0x0000019b64722d20, 0x0000019b64731e90, 0x0000019b64725410,
0x0000019b4a84a2a0, 0x0000019b6902a780, 0x0000019b68ffdc00, 0x0000019b69f20060,
0x0000019b69f205b0, 0x0000019b69f20b00, 0x0000019b69f21050, 0x0000019b6b668ad0,
0x0000019b6b664070, 0x0000019b6b663080, 0x0000019b6b669020, 0x0000019b6b666af0,
0x0000019b6b662b30, 0x0000019b6b669570, 0x0000019b6b6635d0, 0x0000019b6b668580,
0x0000019b6b6625e0, 0x0000019b6b669ac0, 0x0000019b6b664b10, 0x0000019b6b6645c0,
0x0000019b6b665060, 0x0000019b6b6655b0
}

Java Threads: ( => current thread )
  0x0000019b64716d80 JavaThread "Reference Handler" daemon [_thread_blocked, id=2808, stack(0x0000008aa9300000,0x0000008aa9400000)]
  0x0000019b64717b80 JavaThread "Finalizer" daemon [_thread_blocked, id=9860, stack(0x0000008aa9400000,0x0000008aa9500000)]
  0x0000019b6471d030 JavaThread "Signal Dispatcher" daemon [_thread_blocked, id=9588, stack(0x0000008aa9500000,0x0000008aa9600000)]
  0x0000019b6471fa80 JavaThread "Attach Listener" daemon [_thread_blocked, id=10236, stack(0x0000008aa9600000,0x0000008aa9700000)]
  0x0000019b647213d0 JavaThread "Service Thread" daemon [_thread_blocked, id=3896, stack(0x0000008aa9700000,0x0000008aa9800000)]
  0x0000019b64722d20 JavaThread "Monitor Deflation Thread" daemon [_thread_blocked, id=7216, stack(0x0000008aa9800000,0x0000008aa9900000)]
=>0x0000019b64731e90 JavaThread "C2 CompilerThread0" daemon [_thread_in_native, id=4768, stack(0x0000008aa9900000,0x0000008aa9a00000)]
  0x0000019b64725410 JavaThread "C1 CompilerThread0" daemon [_thread_in_vm, id=9264, stack(0x0000008aa9a00000,0x0000008aa9b00000)]
  0x0000019b4a84a2a0 JavaThread "Common-Cleaner" daemon [_thread_blocked, id=956, stack(0x0000008aa9b00000,0x0000008aa9c00000)]
  0x0000019b6902a780 JavaThread "Monitor Ctrl-Break" daemon [_thread_in_native, id=8120, stack(0x0000008aa9c00000,0x0000008aa9d00000)]
  0x0000019b68ffdc00 JavaThread "Notification Thread" daemon [_thread_blocked, id=4344, stack(0x0000008aa9d00000,0x0000008aa9e00000)]
  0x0000019b69f20060 JavaThread "Catalina-utility-1" [_thread_blocked, id=9260, stack(0x0000008aaa400000,0x0000008aaa500000)]
  0x0000019b69f205b0 JavaThread "Catalina-utility-2" [_thread_blocked, id=5264, stack(0x0000008aaa500000,0x0000008aaa600000)]
  0x0000019b69f20b00 JavaThread "container-0" [_thread_blocked, id=3488, stack(0x0000008aaa600000,0x0000008aaa700000)]
  0x0000019b69f21050 JavaThread "mysql-cj-abandoned-connection-cleanup" daemon [_thread_blocked, id=6204, stack(0x0000008aaa700000,0x0000008aaa800000)]
  0x0000019b6b668ad0 JavaThread "HikariPool-1 housekeeper" daemon [_thread_blocked, id=1668, stack(0x0000008aaa900000,0x0000008aaaa00000)]
  0x0000019b6b664070 JavaThread "File Watcher" daemon [_thread_in_vm, id=9180, stack(0x0000008aaab00000,0x0000008aaac00000)]
  0x0000019b6b663080 JavaThread "http-nio-8084-exec-1" daemon [_thread_blocked, id=9176, stack(0x0000008aaac00000,0x0000008aaad00000)]
  0x0000019b6b669020 JavaThread "http-nio-8084-exec-2" daemon [_thread_blocked, id=9172, stack(0x0000008aaad00000,0x0000008aaae00000)]
  0x0000019b6b666af0 JavaThread "http-nio-8084-exec-3" daemon [_thread_blocked, id=9188, stack(0x0000008aaae00000,0x0000008aaaf00000)]
  0x0000019b6b662b30 JavaThread "http-nio-8084-exec-4" daemon [_thread_blocked, id=9192, stack(0x0000008aaaf00000,0x0000008aab000000)]
  0x0000019b6b669570 JavaThread "http-nio-8084-exec-5" daemon [_thread_blocked, id=8808, stack(0x0000008aab000000,0x0000008aab100000)]
  0x0000019b6b6635d0 JavaThread "http-nio-8084-exec-6" daemon [_thread_blocked, id=9196, stack(0x0000008aab100000,0x0000008aab200000)]
  0x0000019b6b668580 JavaThread "http-nio-8084-exec-7" daemon [_thread_blocked, id=7524, stack(0x0000008aab200000,0x0000008aab300000)]
  0x0000019b6b6625e0 JavaThread "http-nio-8084-exec-8" daemon [_thread_blocked, id=6236, stack(0x0000008aab300000,0x0000008aab400000)]
  0x0000019b6b669ac0 JavaThread "http-nio-8084-exec-9" daemon [_thread_blocked, id=2828, stack(0x0000008aab400000,0x0000008aab500000)]
  0x0000019b6b664b10 JavaThread "http-nio-8084-exec-10" daemon [_thread_blocked, id=6496, stack(0x0000008aab500000,0x0000008aab600000)]
  0x0000019b6b6645c0 JavaThread "http-nio-8084-Poller" daemon [_thread_in_native, id=8988, stack(0x0000008aab600000,0x0000008aab700000)]
  0x0000019b6b665060 JavaThread "http-nio-8084-Acceptor" daemon [_thread_in_native, id=8780, stack(0x0000008aab700000,0x0000008aab800000)]
  0x0000019b6b6655b0 JavaThread "DestroyJavaVM" [_thread_blocked, id=7724, stack(0x0000008aa8c00000,0x0000008aa8d00000)]

Other Threads:
  0x0000019b646f8160 VMThread "VM Thread" [stack: 0x0000008aa9200000,0x0000008aa9300000] [id=10192]
  0x0000019b68eebae0 WatcherThread "VM Periodic Task Thread" [stack: 0x0000008aa9e00000,0x0000008aa9f00000] [id=9820]
  0x0000019b4a7b55b0 WorkerThread "GC Thread#0" [stack: 0x0000008aa8d00000,0x0000008aa8e00000] [id=4164]
  0x0000019b69211a30 WorkerThread "GC Thread#1" [stack: 0x0000008aa9f00000,0x0000008aaa000000] [id=9000]
  0x0000019b695e84e0 WorkerThread "GC Thread#2" [stack: 0x0000008aaa000000,0x0000008aaa100000] [id=2728]
  0x0000019b695e87b0 WorkerThread "GC Thread#3" [stack: 0x0000008aaa100000,0x0000008aaa200000] [id=9100]
  0x0000019b4a7bb2b0 ConcurrentGCThread "G1 Main Marker" [stack: 0x0000008aa8e00000,0x0000008aa8f00000] [id=9212]
  0x0000019b4a7bbce0 WorkerThread "G1 Conc#0" [stack: 0x0000008aa8f00000,0x0000008aa9000000] [id=8860]
  0x0000019b4a7fa5c0 ConcurrentGCThread "G1 Refine#0" [stack: 0x0000008aa9000000,0x0000008aa9100000] [id=9636]
  0x0000019b4a7fb060 ConcurrentGCThread "G1 Service" [stack: 0x0000008aa9100000,0x0000008aa9200000] [id=9232]

Threads with active compile tasks:
C2 CompilerThread0  1239858 5690   !   4       jdk.internal.loader.BuiltinClassLoader::findClassOnClassPathOrNull (64 bytes)
C1 CompilerThread0  1239858 5695   !   3       java.io.BufferedOutputStream::flush (60 bytes)

VM state: not at safepoint (normal execution)

VM Mutex/Monitor currently owned by a thread:  ([mutex/lock_event])
[0x0000019b4a7805f0] MethodCompileQueue_lock - owner thread: 0x0000019b64725410
[0x0000019b4a781e20] CodeCache_lock - owner thread: 0x0000019b64725410
[0x0000019b4a781eb0] Compile_lock - owner thread: 0x0000019b64725410

Heap address: 0x00000000e1e00000, size: 482 MB, Compressed Oops mode: 32-bit

CDS archive(s) mapped at: [0x0000000800000000-0x0000000800c60000-0x0000000800c60000), size 12976128, SharedBaseAddress: 0x0000000800000000, ArchiveRelocationMode: 0.
Compressed class space mapped at: 0x0000000801000000-0x0000000841000000, reserved size: 1073741824
Narrow klass base: 0x0000000800000000, Narrow klass shift: 0, Narrow klass range: 0x100000000

GC Precious Log:
 CardTable entry size: 512
 Card Set container configuration: InlinePtr #cards 5 size 8 Array Of Cards #cards 12 size 40 Howl #buckets 4 coarsen threshold 1843 Howl Bitmap #cards 512 size 80 coarsen threshold 460 Card regions per heap region 1 cards per card region 2048
 CPUs: 4 total, 4 available
 Memory: 1922M
 Large Page Support: Disabled
 NUMA Support: Disabled
 Compressed Oops: Enabled (32-bit)
 Heap Region Size: 1M
 Heap Min Capacity: 8M
 Heap Initial Capacity: 32M
 Heap Max Capacity: 482M
 Pre-touch: Disabled
 Parallel Workers: 4
 Concurrent Workers: 1
 Concurrent Refinement Workers: 4
 Periodic GC: Disabled

Heap:
 garbage-first heap   total 50176K, used 27823K [0x00000000e1e00000, 0x0000000100000000)
  region size 1024K, 2 young (2048K), 1 survivors (1024K)
 Metaspace       used 61503K, committed 62464K, reserved 1114112K
  class space    used 8171K, committed 8512K, reserved 1048576K

Heap Regions: E=young(eden), S=young(survivor), O=old, HS=humongous(starts), HC=humongous(continues), CS=collection set, F=free, OA=open archive, CA=closed archive, TAMS=top-at-mark-start, PB=parsable bottom
|   0|0x00000000e1e00000, 0x00000000e1f00000, 0x00000000e1f00000|100%|HS|  |TAMS 0x00000000e1e00000| PB 0x00000000e1e00000| Complete 
|   1|0x00000000e1f00000, 0x00000000e2000000, 0x00000000e2000000|100%| O|  |TAMS 0x00000000e1f00000| PB 0x00000000e1f00000| Untracked 
|   2|0x00000000e2000000, 0x00000000e2100000, 0x00000000e2100000|100%| O|  |TAMS 0x00000000e2000000| PB 0x00000000e2000000| Untracked 
|   3|0x00000000e2100000, 0x00000000e2200000, 0x00000000e2200000|100%| O|  |TAMS 0x00000000e2100000| PB 0x00000000e2100000| Untracked 
|   4|0x00000000e2200000, 0x00000000e2300000, 0x00000000e2300000|100%| O|  |TAMS 0x00000000e2200000| PB 0x00000000e2200000| Untracked 
|   5|0x00000000e2300000, 0x00000000e2400000, 0x00000000e2400000|100%| O|  |TAMS 0x00000000e2300000| PB 0x00000000e2300000| Untracked 
|   6|0x00000000e2400000, 0x00000000e2500000, 0x00000000e2500000|100%| O|  |TAMS 0x00000000e2400000| PB 0x00000000e2400000| Untracked 
|   7|0x00000000e2500000, 0x00000000e2600000, 0x00000000e2600000|100%| O|  |TAMS 0x00000000e2500000| PB 0x00000000e2500000| Untracked 
|   8|0x00000000e2600000, 0x00000000e2700000, 0x00000000e2700000|100%| O|  |TAMS 0x00000000e2600000| PB 0x00000000e2600000| Untracked 
|   9|0x00000000e2700000, 0x00000000e2800000, 0x00000000e2800000|100%| O|  |TAMS 0x00000000e2700000| PB 0x00000000e2700000| Complete 
|  10|0x00000000e2800000, 0x00000000e2900000, 0x00000000e2900000|100%| O|  |TAMS 0x00000000e2800000| PB 0x00000000e2800000| Complete 
|  11|0x00000000e2900000, 0x00000000e2a00000, 0x00000000e2a00000|100%| O|  |TAMS 0x00000000e2900000| PB 0x00000000e2900000| Untracked 
|  12|0x00000000e2a00000, 0x00000000e2b00000, 0x00000000e2b00000|100%| O|  |TAMS 0x00000000e2a00000| PB 0x00000000e2a00000| Complete 
|  13|0x00000000e2b00000, 0x00000000e2c00000, 0x00000000e2c00000|100%| O|  |TAMS 0x00000000e2b00000| PB 0x00000000e2b00000| Untracked 
|  14|0x00000000e2c00000, 0x00000000e2d00000, 0x00000000e2d00000|100%| O|  |TAMS 0x00000000e2c00000| PB 0x00000000e2c00000| Untracked 
|  15|0x00000000e2d00000, 0x00000000e2e00000, 0x00000000e2e00000|100%| O|  |TAMS 0x00000000e2d00000| PB 0x00000000e2d00000| Untracked 
|  16|0x00000000e2e00000, 0x00000000e2f00000, 0x00000000e2f00000|100%| O|  |TAMS 0x00000000e2e00000| PB 0x00000000e2e00000| Complete 
|  17|0x00000000e2f00000, 0x00000000e3000000, 0x00000000e3000000|100%| O|  |TAMS 0x00000000e2f00000| PB 0x00000000e2f00000| Untracked 
|  18|0x00000000e3000000, 0x00000000e3100000, 0x00000000e3100000|100%| O|  |TAMS 0x00000000e3000000| PB 0x00000000e3000000| Untracked 
|  19|0x00000000e3100000, 0x00000000e3200000, 0x00000000e3200000|100%| O|  |TAMS 0x00000000e3100000| PB 0x00000000e3100000| Complete 
|  20|0x00000000e3200000, 0x00000000e323c800, 0x00000000e3300000| 23%| O|  |TAMS 0x00000000e3200000| PB 0x00000000e3200000| Untracked 
|  21|0x00000000e3300000, 0x00000000e3400000, 0x00000000e3400000|100%| O|  |TAMS 0x00000000e3300000| PB 0x00000000e3300000| Untracked 
|  22|0x00000000e3400000, 0x00000000e3500000, 0x00000000e3500000|100%| O|  |TAMS 0x00000000e3400000| PB 0x00000000e3400000| Complete 
|  23|0x00000000e3500000, 0x00000000e3600000, 0x00000000e3600000|100%| O|  |TAMS 0x00000000e3500000| PB 0x00000000e3500000| Complete 
|  24|0x00000000e3600000, 0x00000000e3700000, 0x00000000e3700000|100%| O|  |TAMS 0x00000000e3600000| PB 0x00000000e3600000| Untracked 
|  25|0x00000000e3700000, 0x00000000e3800000, 0x00000000e3800000|100%| O|  |TAMS 0x00000000e3700000| PB 0x00000000e3700000| Untracked 
|  26|0x00000000e3800000, 0x00000000e3900000, 0x00000000e3900000|100%| O|  |TAMS 0x00000000e3800000| PB 0x00000000e3800000| Complete 
|  27|0x00000000e3900000, 0x00000000e3900000, 0x00000000e3a00000|  0%| F|  |TAMS 0x00000000e3900000| PB 0x00000000e3900000| Untracked 
|  28|0x00000000e3a00000, 0x00000000e3a00000, 0x00000000e3b00000|  0%| F|  |TAMS 0x00000000e3a00000| PB 0x00000000e3a00000| Untracked 
|  29|0x00000000e3b00000, 0x00000000e3b00000, 0x00000000e3c00000|  0%| F|  |TAMS 0x00000000e3b00000| PB 0x00000000e3b00000| Untracked 
|  30|0x00000000e3c00000, 0x00000000e3c00000, 0x00000000e3d00000|  0%| F|  |TAMS 0x00000000e3c00000| PB 0x00000000e3c00000| Untracked 
|  31|0x00000000e3d00000, 0x00000000e3d00000, 0x00000000e3e00000|  0%| F|  |TAMS 0x00000000e3d00000| PB 0x00000000e3d00000| Untracked 
|  32|0x00000000e3e00000, 0x00000000e3eef460, 0x00000000e3f00000| 93%| S|CS|TAMS 0x00000000e3e00000| PB 0x00000000e3e00000| Complete 
|  33|0x00000000e3f00000, 0x00000000e3f00000, 0x00000000e4000000|  0%| F|  |TAMS 0x00000000e3f00000| PB 0x00000000e3f00000| Untracked 
|  34|0x00000000e4000000, 0x00000000e4000000, 0x00000000e4100000|  0%| F|  |TAMS 0x00000000e4000000| PB 0x00000000e4000000| Untracked 
|  35|0x00000000e4100000, 0x00000000e4100000, 0x00000000e4200000|  0%| F|  |TAMS 0x00000000e4100000| PB 0x00000000e4100000| Untracked 
|  36|0x00000000e4200000, 0x00000000e4200000, 0x00000000e4300000|  0%| F|  |TAMS 0x00000000e4200000| PB 0x00000000e4200000| Untracked 
|  37|0x00000000e4300000, 0x00000000e4300000, 0x00000000e4400000|  0%| F|  |TAMS 0x00000000e4300000| PB 0x00000000e4300000| Untracked 
|  38|0x00000000e4400000, 0x00000000e4400000, 0x00000000e4500000|  0%| F|  |TAMS 0x00000000e4400000| PB 0x00000000e4400000| Untracked 
|  39|0x00000000e4500000, 0x00000000e4500000, 0x00000000e4600000|  0%| F|  |TAMS 0x00000000e4500000| PB 0x00000000e4500000| Untracked 
|  40|0x00000000e4600000, 0x00000000e4600000, 0x00000000e4700000|  0%| F|  |TAMS 0x00000000e4600000| PB 0x00000000e4600000| Untracked 
|  41|0x00000000e4700000, 0x00000000e4700000, 0x00000000e4800000|  0%| F|  |TAMS 0x00000000e4700000| PB 0x00000000e4700000| Untracked 
|  42|0x00000000e4800000, 0x00000000e4800000, 0x00000000e4900000|  0%| F|  |TAMS 0x00000000e4800000| PB 0x00000000e4800000| Untracked 
|  43|0x00000000e4900000, 0x00000000e4900000, 0x00000000e4a00000|  0%| F|  |TAMS 0x00000000e4900000| PB 0x00000000e4900000| Untracked 
|  44|0x00000000e4a00000, 0x00000000e4a00000, 0x00000000e4b00000|  0%| F|  |TAMS 0x00000000e4a00000| PB 0x00000000e4a00000| Untracked 
|  45|0x00000000e4b00000, 0x00000000e4b00000, 0x00000000e4c00000|  0%| F|  |TAMS 0x00000000e4b00000| PB 0x00000000e4b00000| Untracked 
|  46|0x00000000e4c00000, 0x00000000e4c00000, 0x00000000e4d00000|  0%| F|  |TAMS 0x00000000e4c00000| PB 0x00000000e4c00000| Untracked 
|  47|0x00000000e4d00000, 0x00000000e4d00000, 0x00000000e4e00000|  0%| F|  |TAMS 0x00000000e4d00000| PB 0x00000000e4d00000| Untracked 
|  48|0x00000000e4e00000, 0x00000000e4ecd6e8, 0x00000000e4f00000| 80%| E|  |TAMS 0x00000000e4e00000| PB 0x00000000e4e00000| Complete 

Card table byte_map: [0x0000019b61840000,0x0000019b61940000] _byte_map_base: 0x0000019b61131000

Marking Bits: (CMBitMap*) 0x0000019b4a7b6bf0
 Bits: [0x0000019b61a40000, 0x0000019b621c8000)

Polling page: 0x0000019b48560000

Metaspace:

Usage:
  Non-class:     52.08 MB used.
      Class:      7.98 MB used.
       Both:     60.06 MB used.

Virtual space:
  Non-class space:       64.00 MB reserved,      52.69 MB ( 82%) committed,  1 nodes.
      Class space:        1.00 GB reserved,       8.31 MB ( <1%) committed,  1 nodes.
             Both:        1.06 GB reserved,      61.00 MB (  6%) committed. 

Chunk freelists:
   Non-Class:  2.71 MB
       Class:  3.64 MB
        Both:  6.35 MB

MaxMetaspaceSize: unlimited
CompressedClassSpaceSize: 1.00 GB
Initial GC threshold: 21.00 MB
Current GC threshold: 101.69 MB
CDS: on
MetaspaceReclaimPolicy: balanced
 - commit_granule_bytes: 65536.
 - commit_granule_words: 8192.
 - virtual_space_node_default_size: 8388608.
 - enlarge_chunks_in_place: 1.
 - new_chunks_are_fully_committed: 0.
 - uncommit_free_chunks: 1.
 - use_allocation_guard: 0.


Internal statistics:

num_allocs_failed_limit: 3.
num_arena_births: 920.
num_arena_deaths: 304.
num_vsnodes_births: 2.
num_vsnodes_deaths: 0.
num_space_committed: 976.
num_space_uncommitted: 0.
num_chunks_returned_to_freelist: 341.
num_chunks_taken_from_freelist: 3175.
num_chunk_merges: 88.
num_chunk_splits: 2270.
num_chunks_enlarged: 1778.
num_inconsistent_stats: 0.

CodeHeap 'non-profiled nmethods': size=120000Kb used=2638Kb max_used=2732Kb free=117361Kb
 bounds [0x0000019b5a310000, 0x0000019b5a5c0000, 0x0000019b61840000]
CodeHeap 'profiled nmethods': size=120000Kb used=9197Kb max_used=9467Kb free=110803Kb
 bounds [0x0000019b52840000, 0x0000019b53180000, 0x0000019b59d70000]
CodeHeap 'non-nmethods': size=5760Kb used=1697Kb max_used=1730Kb free=4062Kb
 bounds [0x0000019b59d70000, 0x0000019b59fe0000, 0x0000019b5a310000]
 total_blobs=5604 nmethods=4923 adapters=591
 compilation: enabled
              stopped_count=0, restarted_count=0
 full_count=0

Compilation events (20 events):
Event: 1170.465 Thread 0x0000019b64731e90 nmethod 5682 0x0000019b5a5ba690 code [0x0000019b5a5ba800, 0x0000019b5a5ba970]
Event: 1184.452 Thread 0x0000019b64731e90 5683       4       java.util.concurrent.locks.LockSupport::setBlocker (12 bytes)
Event: 1184.507 Thread 0x0000019b64731e90 nmethod 5683 0x0000019b5a5baa10 code [0x0000019b5a5bab80, 0x0000019b5a5baca8]
Event: 1196.001 Thread 0x0000019b64731e90 5684       4       java.util.HashSet::size (8 bytes)
Event: 1196.018 Thread 0x0000019b64731e90 nmethod 5684 0x0000019b5a5bad10 code [0x0000019b5a5bae80, 0x0000019b5a5baf18]
Event: 1211.468 Thread 0x0000019b64731e90 5685       4       java.lang.ref.Reference::enqueueFromPending (19 bytes)
Event: 1211.514 Thread 0x0000019b64731e90 nmethod 5685 0x0000019b5a39f510 code [0x0000019b5a39f740, 0x0000019b5a3a06a8]
Event: 1211.515 Thread 0x0000019b64731e90 5686       4       java.lang.ref.ReferenceQueue::enqueue0 (98 bytes)
Event: 1211.520 Thread 0x0000019b64731e90 nmethod 5686 0x0000019b5a38c690 code [0x0000019b5a38c840, 0x0000019b5a38cd40]
Event: 1217.078 Thread 0x0000019b64725410 5687       1       org.apache.catalina.core.StandardContext::getInstanceManager (5 bytes)
Event: 1217.080 Thread 0x0000019b64725410 nmethod 5687 0x0000019b5a39f190 code [0x0000019b5a39f300, 0x0000019b5a39f3d0]
Event: 1227.452 Thread 0x0000019b64731e90 5688       4       java.util.concurrent.ConcurrentHashMap$Traverser::<init> (36 bytes)
Event: 1227.456 Thread 0x0000019b64731e90 nmethod 5688 0x0000019b5a327b90 code [0x0000019b5a327d00, 0x0000019b5a327eb8]
Event: 1239.216 Thread 0x0000019b64725410 5689       3       java.lang.invoke.MethodType::invokers (27 bytes)
Event: 1239.227 Thread 0x0000019b64725410 nmethod 5689 0x0000019b52ad4c10 code [0x0000019b52ad4dc0, 0x0000019b52ad5208]
Event: 1239.463 Thread 0x0000019b64731e90 5690   !   4       jdk.internal.loader.BuiltinClassLoader::findClassOnClassPathOrNull (64 bytes)
Event: 1239.537 Thread 0x0000019b64725410 5691       3       java.io.File::getAbsolutePath (8 bytes)
Event: 1239.542 Thread 0x0000019b64725410 nmethod 5691 0x0000019b52868490 code [0x0000019b52868620, 0x0000019b52868780]
Event: 1239.542 Thread 0x0000019b64725410 5692       3       java.io.File::<init> (20 bytes)
Event: 1239.543 Thread 0x0000019b64725410 nmethod 5692 0x0000019b528b0290 code [0x0000019b528b0420, 0x0000019b528b0620]

GC Heap History (20 events):
Event: 5.186 GC heap before
{Heap before GC invocations=15 (full 0):
 garbage-first heap   total 34816K, used 28577K [0x00000000e1e00000, 0x0000000100000000)
  region size 1024K, 12 young (12288K), 2 survivors (2048K)
 Metaspace       used 36984K, committed 37440K, reserved 1114112K
  class space    used 4723K, committed 4928K, reserved 1048576K
}
Event: 5.189 GC heap after
{Heap after GC invocations=16 (full 0):
 garbage-first heap   total 34816K, used 19634K [0x00000000e1e00000, 0x0000000100000000)
  region size 1024K, 2 young (2048K), 2 survivors (2048K)
 Metaspace       used 36984K, committed 37440K, reserved 1114112K
  class space    used 4723K, committed 4928K, reserved 1048576K
}
Event: 5.421 GC heap before
{Heap before GC invocations=17 (full 0):
 garbage-first heap   total 35840K, used 28850K [0x00000000e1e00000, 0x0000000100000000)
  region size 1024K, 11 young (11264K), 2 survivors (2048K)
 Metaspace       used 39601K, committed 40128K, reserved 1114112K
  class space    used 5091K, committed 5312K, reserved 1048576K
}
Event: 5.425 GC heap after
{Heap after GC invocations=18 (full 0):
 garbage-first heap   total 43008K, used 20643K [0x00000000e1e00000, 0x0000000100000000)
  region size 1024K, 1 young (1024K), 1 survivors (1024K)
 Metaspace       used 39601K, committed 40128K, reserved 1114112K
  class space    used 5091K, committed 5312K, reserved 1048576K
}
Event: 5.923 GC heap before
{Heap before GC invocations=18 (full 0):
 garbage-first heap   total 43008K, used 37027K [0x00000000e1e00000, 0x0000000100000000)
  region size 1024K, 18 young (18432K), 1 survivors (1024K)
 Metaspace       used 45894K, committed 46464K, reserved 1114112K
  class space    used 5975K, committed 6272K, reserved 1048576K
}
Event: 5.926 GC heap after
{Heap after GC invocations=19 (full 0):
 garbage-first heap   total 43008K, used 21666K [0x00000000e1e00000, 0x0000000100000000)
  region size 1024K, 2 young (2048K), 2 survivors (2048K)
 Metaspace       used 45894K, committed 46464K, reserved 1114112K
  class space    used 5975K, committed 6272K, reserved 1048576K
}
Event: 6.311 GC heap before
{Heap before GC invocations=19 (full 0):
 garbage-first heap   total 43008K, used 36002K [0x00000000e1e00000, 0x0000000100000000)
  region size 1024K, 17 young (17408K), 2 survivors (2048K)
 Metaspace       used 50176K, committed 50752K, reserved 1114112K
  class space    used 6700K, committed 6976K, reserved 1048576K
}
Event: 6.314 GC heap after
{Heap after GC invocations=20 (full 0):
 garbage-first heap   total 43008K, used 22385K [0x00000000e1e00000, 0x0000000100000000)
  region size 1024K, 2 young (2048K), 2 survivors (2048K)
 Metaspace       used 50176K, committed 50752K, reserved 1114112K
  class space    used 6700K, committed 6976K, reserved 1048576K
}
Event: 6.744 GC heap before
{Heap before GC invocations=21 (full 0):
 garbage-first heap   total 43008K, used 36721K [0x00000000e1e00000, 0x0000000100000000)
  region size 1024K, 17 young (17408K), 2 survivors (2048K)
 Metaspace       used 53206K, committed 53824K, reserved 1114112K
  class space    used 7122K, committed 7424K, reserved 1048576K
}
Event: 6.748 GC heap after
{Heap after GC invocations=22 (full 0):
 garbage-first heap   total 43008K, used 23973K [0x00000000e1e00000, 0x0000000100000000)
  region size 1024K, 3 young (3072K), 3 survivors (3072K)
 Metaspace       used 53206K, committed 53824K, reserved 1114112K
  class space    used 7122K, committed 7424K, reserved 1048576K
}
Event: 7.051 GC heap before
{Heap before GC invocations=22 (full 0):
 garbage-first heap   total 43008K, used 35237K [0x00000000e1e00000, 0x0000000100000000)
  region size 1024K, 14 young (14336K), 3 survivors (3072K)
 Metaspace       used 54166K, committed 54784K, reserved 1114112K
  class space    used 7269K, committed 7552K, reserved 1048576K
}
Event: 7.055 GC heap after
{Heap after GC invocations=23 (full 0):
 garbage-first heap   total 43008K, used 24670K [0x00000000e1e00000, 0x0000000100000000)
  region size 1024K, 2 young (2048K), 2 survivors (2048K)
 Metaspace       used 54166K, committed 54784K, reserved 1114112K
  class space    used 7269K, committed 7552K, reserved 1048576K
}
Event: 7.313 GC heap before
{Heap before GC invocations=23 (full 0):
 garbage-first heap   total 43008K, used 36958K [0x00000000e1e00000, 0x0000000100000000)
  region size 1024K, 14 young (14336K), 2 survivors (2048K)
 Metaspace       used 55869K, committed 56512K, reserved 1114112K
  class space    used 7496K, committed 7808K, reserved 1048576K
}
Event: 7.316 GC heap after
{Heap after GC invocations=24 (full 0):
 garbage-first heap   total 43008K, used 26091K [0x00000000e1e00000, 0x0000000100000000)
  region size 1024K, 2 young (2048K), 2 survivors (2048K)
 Metaspace       used 55869K, committed 56512K, reserved 1114112K
  class space    used 7496K, committed 7808K, reserved 1048576K
}
Event: 50.267 GC heap before
{Heap before GC invocations=25 (full 0):
 garbage-first heap   total 50176K, used 37355K [0x00000000e1e00000, 0x0000000100000000)
  region size 1024K, 13 young (13312K), 2 survivors (2048K)
 Metaspace       used 58063K, committed 58816K, reserved 1114112K
  class space    used 7789K, committed 8128K, reserved 1048576K
}
Event: 50.330 GC heap after
{Heap after GC invocations=26 (full 0):
 garbage-first heap   total 50176K, used 27019K [0x00000000e1e00000, 0x0000000100000000)
  region size 1024K, 1 young (1024K), 1 survivors (1024K)
 Metaspace       used 58063K, committed 58816K, reserved 1114112K
  class space    used 7789K, committed 8128K, reserved 1048576K
}
Event: 261.439 GC heap before
{Heap before GC invocations=26 (full 0):
 garbage-first heap   total 50176K, used 43403K [0x00000000e1e00000, 0x0000000100000000)
  region size 1024K, 18 young (18432K), 1 survivors (1024K)
 Metaspace       used 61569K, committed 62272K, reserved 1114112K
  class space    used 8240K, committed 8512K, reserved 1048576K
}
Event: 261.512 GC heap after
{Heap after GC invocations=27 (full 0):
 garbage-first heap   total 50176K, used 27802K [0x00000000e1e00000, 0x0000000100000000)
  region size 1024K, 2 young (2048K), 2 survivors (2048K)
 Metaspace       used 61569K, committed 62272K, reserved 1114112K
  class space    used 8240K, committed 8512K, reserved 1048576K
}
Event: 1209.905 GC heap before
{Heap before GC invocations=27 (full 0):
 garbage-first heap   total 50176K, used 44186K [0x00000000e1e00000, 0x0000000100000000)
  region size 1024K, 18 young (18432K), 2 survivors (2048K)
 Metaspace       used 61761K, committed 62464K, reserved 1114112K
  class space    used 8240K, committed 8512K, reserved 1048576K
}
Event: 1210.092 GC heap after
{Heap after GC invocations=28 (full 0):
 garbage-first heap   total 50176K, used 27823K [0x00000000e1e00000, 0x0000000100000000)
  region size 1024K, 1 young (1024K), 1 survivors (1024K)
 Metaspace       used 61761K, committed 62464K, reserved 1114112K
  class space    used 8240K, committed 8512K, reserved 1048576K
}

Dll operation events (14 events):
Event: 0.027 Loaded shared library C:\Users\PC01\.jdks\openjdk-20.0.1\bin\java.dll
Event: 0.040 Loaded shared library C:\Users\PC01\.jdks\openjdk-20.0.1\bin\jsvml.dll
Event: 0.217 Loaded shared library C:\Users\PC01\.jdks\openjdk-20.0.1\bin\zip.dll
Event: 0.221 Loaded shared library C:\Users\PC01\.jdks\openjdk-20.0.1\bin\instrument.dll
Event: 0.230 Loaded shared library C:\Users\PC01\.jdks\openjdk-20.0.1\bin\net.dll
Event: 0.232 Loaded shared library C:\Users\PC01\.jdks\openjdk-20.0.1\bin\nio.dll
Event: 0.237 Loaded shared library C:\Users\PC01\.jdks\openjdk-20.0.1\bin\zip.dll
Event: 0.421 Loaded shared library C:\Program Files\JetBrains\IntelliJ IDEA Community Edition 2022.2.3\bin\breakgen64.dll
Event: 0.434 Loaded shared library C:\Users\PC01\.jdks\openjdk-20.0.1\bin\extnet.dll
Event: 0.485 Loaded shared library C:\Users\PC01\.jdks\openjdk-20.0.1\bin\jimage.dll
Event: 0.848 Loaded shared library C:\Users\PC01\.jdks\openjdk-20.0.1\bin\management.dll
Event: 0.851 Loaded shared library C:\Users\PC01\.jdks\openjdk-20.0.1\bin\management_ext.dll
Event: 3.805 Loaded shared library C:\Users\PC01\.jdks\openjdk-20.0.1\bin\sunmscapi.dll
Event: 4.518 Loaded shared library C:\Users\PC01\.jdks\openjdk-20.0.1\bin\verify.dll

Deoptimization events (20 events):
Event: 1239.103 Thread 0x0000019b6b664070 Uncommon trap: trap_request=0xffffffc6 fr.pc=0x0000019b5a5b7898 relative=0x0000000000000dd8
Event: 1239.104 Thread 0x0000019b6b664070 Uncommon trap: reason=bimorphic_or_optimized_type_check action=maybe_recompile pc=0x0000019b5a5b7898 method=java.util.AbstractCollection.containsAll(Ljava/util/Collection;)Z @ 25 c2
Event: 1239.104 Thread 0x0000019b6b664070 DEOPT PACKING pc=0x0000019b5a5b7898 sp=0x0000008aaabfeed0
Event: 1239.105 Thread 0x0000019b6b664070 DEOPT UNPACKING pc=0x0000019b59dd9d22 sp=0x0000008aaabfee88 mode 2
Event: 1239.257 Thread 0x0000019b6b664070 Uncommon trap: trap_request=0xfffffff4 fr.pc=0x0000019b5a4b9514 relative=0x0000000000007134
Event: 1239.258 Thread 0x0000019b6b664070 Uncommon trap: reason=null_check action=make_not_entrant pc=0x0000019b5a4b9514 method=java.util.jar.JarFile.getManifestFromReference()Ljava/util/jar/Manifest; @ 14 c2
Event: 1239.258 Thread 0x0000019b6b664070 DEOPT PACKING pc=0x0000019b5a4b9514 sp=0x0000008aaabfdfc0
Event: 1239.258 Thread 0x0000019b6b664070 DEOPT UNPACKING pc=0x0000019b59dd9d22 sp=0x0000008aaabfde30 mode 2
Event: 1239.609 Thread 0x0000019b6b664070 Uncommon trap: trap_request=0xffffff54 fr.pc=0x0000019b5a4fff4c relative=0x000000000000050c
Event: 1239.612 Thread 0x0000019b6b664070 Uncommon trap: reason=speculate_null_assert action=make_not_entrant pc=0x0000019b5a4fff4c method=org.springframework.util.ConcurrentReferenceHashMap$Segment.restructureIfNecessary(Z)V @ 41 c2
Event: 1239.613 Thread 0x0000019b6b664070 DEOPT PACKING pc=0x0000019b5a4fff4c sp=0x0000008aaabfe8b0
Event: 1239.615 Thread 0x0000019b6b664070 DEOPT UNPACKING pc=0x0000019b59dd9d22 sp=0x0000008aaabfe708 mode 2
Event: 1239.656 Thread 0x0000019b6b664070 Uncommon trap: trap_request=0xfffffff4 fr.pc=0x0000019b5a463900 relative=0x0000000000000360
Event: 1239.657 Thread 0x0000019b6b664070 Uncommon trap: reason=null_check action=make_not_entrant pc=0x0000019b5a463900 method=java.lang.Class.reflectionData()Ljava/lang/Class$ReflectionData; @ 18 c2
Event: 1239.657 Thread 0x0000019b6b664070 DEOPT PACKING pc=0x0000019b5a463900 sp=0x0000008aaabfe7a0
Event: 1239.658 Thread 0x0000019b6b664070 DEOPT UNPACKING pc=0x0000019b59dd9d22 sp=0x0000008aaabfe6d8 mode 2
Event: 1239.718 Thread 0x0000019b6b664070 Uncommon trap: trap_request=0xfffffff4 fr.pc=0x0000019b5a512354 relative=0x0000000000000994
Event: 1239.718 Thread 0x0000019b6b664070 Uncommon trap: reason=null_check action=make_not_entrant pc=0x0000019b5a512354 method=java.lang.Class.reflectionData()Ljava/lang/Class$ReflectionData; @ 18 c2
Event: 1239.718 Thread 0x0000019b6b664070 DEOPT PACKING pc=0x0000019b5a512354 sp=0x0000008aaabfe550
Event: 1239.718 Thread 0x0000019b6b664070 DEOPT UNPACKING pc=0x0000019b59dd9d22 sp=0x0000008aaabfe208 mode 2

Classes loaded (20 events):
Event: 70.201 Loading class sun/net/www/protocol/http/HttpURLConnection$10
Event: 70.201 Loading class sun/net/www/protocol/http/HttpURLConnection$10 done
Event: 70.220 Loading class java/io/OutputStream$1
Event: 70.221 Loading class java/io/OutputStream$1 done
Event: 70.222 Loading class java/lang/invoke/WrongMethodTypeException
Event: 70.222 Loading class java/lang/invoke/WrongMethodTypeException done
Event: 70.244 Loading class jdk/internal/loader/BootLoader$PackageHelper
Event: 70.244 Loading class jdk/internal/loader/BootLoader$PackageHelper done
Event: 70.247 Loading class java/security/AllPermissionCollection
Event: 70.247 Loading class java/security/AllPermissionCollection done
Event: 234.692 Loading class sun/net/www/HeaderParser
Event: 234.718 Loading class sun/net/www/HeaderParser done
Event: 234.863 Loading class sun/net/www/http/KeepAliveCache$1
Event: 234.867 Loading class sun/net/www/http/KeepAliveCache$1 done
Event: 234.873 Loading class sun/net/www/http/ClientVector
Event: 234.879 Loading class sun/net/www/http/ClientVector done
Event: 234.882 Loading class sun/net/www/http/KeepAliveEntry
Event: 234.883 Loading class sun/net/www/http/KeepAliveEntry done
Event: 353.989 Loading class java/lang/foreign/MemorySegment
Event: 354.089 Loading class java/lang/foreign/MemorySegment done

Classes unloaded (20 events):
Event: 1210.664 Thread 0x0000019b646f8160 Unloading class 0x0000000801105000 'java/lang/invoke/LambdaForm$MH+0x0000000801105000'
Event: 1210.665 Thread 0x0000019b646f8160 Unloading class 0x0000000801104c00 'java/lang/invoke/LambdaForm$MH+0x0000000801104c00'
Event: 1210.666 Thread 0x0000019b646f8160 Unloading class 0x000000080108d800 'java/lang/invoke/LambdaForm$MH+0x000000080108d800'
Event: 1210.666 Thread 0x0000019b646f8160 Unloading class 0x000000080108d400 'java/lang/invoke/LambdaForm$MH+0x000000080108d400'
Event: 1210.666 Thread 0x0000019b646f8160 Unloading class 0x0000000801080c00 'java/lang/invoke/LambdaForm$MH+0x0000000801080c00'
Event: 1210.667 Thread 0x0000019b646f8160 Unloading class 0x0000000801026800 'java/lang/invoke/LambdaForm$MH+0x0000000801026800'
Event: 1210.669 Thread 0x0000019b646f8160 Unloading class 0x0000000801025c00 'java/lang/invoke/LambdaForm$MH+0x0000000801025c00'
Event: 1210.669 Thread 0x0000019b646f8160 Unloading class 0x0000000801025800 'java/lang/invoke/LambdaForm$MH+0x0000000801025800'
Event: 1210.669 Thread 0x0000019b646f8160 Unloading class 0x0000000801025400 'java/lang/invoke/LambdaForm$MH+0x0000000801025400'
Event: 1210.670 Thread 0x0000019b646f8160 Unloading class 0x0000000801024c00 'java/lang/invoke/LambdaForm$MH+0x0000000801024c00'
Event: 1210.670 Thread 0x0000019b646f8160 Unloading class 0x0000000801024000 'java/lang/invoke/LambdaForm$MH+0x0000000801024000'
Event: 1210.670 Thread 0x0000019b646f8160 Unloading class 0x0000000801015c00 'java/lang/invoke/LambdaForm$MH+0x0000000801015c00'
Event: 1210.671 Thread 0x0000019b646f8160 Unloading class 0x0000000801015400 'java/lang/invoke/LambdaForm$MH+0x0000000801015400'
Event: 1210.671 Thread 0x0000019b646f8160 Unloading class 0x0000000801014c00 'java/lang/invoke/LambdaForm$MH+0x0000000801014c00'
Event: 1210.672 Thread 0x0000019b646f8160 Unloading class 0x0000000801014400 'java/lang/invoke/LambdaForm$MH+0x0000000801014400'
Event: 1210.672 Thread 0x0000019b646f8160 Unloading class 0x0000000801014000 'java/lang/invoke/LambdaForm$MH+0x0000000801014000'
Event: 1210.672 Thread 0x0000019b646f8160 Unloading class 0x0000000801002400 'java/lang/invoke/LambdaForm$MH+0x0000000801002400'
Event: 1210.673 Thread 0x0000019b646f8160 Unloading class 0x0000000801002000 'java/lang/invoke/LambdaForm$MH+0x0000000801002000'
Event: 1210.673 Thread 0x0000019b646f8160 Unloading class 0x0000000801001c00 'java/lang/invoke/LambdaForm$MH+0x0000000801001c00'
Event: 1210.673 Thread 0x0000019b646f8160 Unloading class 0x0000000801001400 'java/lang/invoke/LambdaForm$MH+0x0000000801001400'

Classes redefined (0 events):
No events

Internal exceptions (20 events):
Event: 7.117 Thread 0x0000019b69784870 Exception <a 'java/lang/NoSuchMethodError'{0x00000000e4489538}: 'void java.lang.invoke.DirectMethodHandle$Holder.invokeVirtual(java.lang.Object, java.lang.Object, long)'> (0x00000000e4489538) 
thrown [s\open\src\hotspot\share\interpreter\linkResolver.cpp, line 773]
Event: 7.241 Thread 0x0000019b69784870 Exception <a 'java/lang/IncompatibleClassChangeError'{0x00000000e3e2f760}: Found class java.lang.Object, but interface was expected> (0x00000000e3e2f760) 
thrown [s\open\src\hotspot\share\interpreter\linkResolver.cpp, line 840]
Event: 7.272 Thread 0x0000019b69784870 Exception <a 'java/lang/NoSuchMethodError'{0x00000000e3d9fd98}: 'int java.lang.invoke.DirectMethodHandle$Holder.invokeStaticInit(java.lang.Object, java.lang.Object, java.lang.Object, java.lang.Object)'> (0x00000000e3d9fd98) 
thrown [s\open\src\hotspot\share\interpreter\linkResolver.cpp, line 773]
Event: 7.304 Thread 0x0000019b69784870 Implicit null exception at 0x0000019b5a423a48 to 0x0000019b5a423c64
Event: 7.391 Thread 0x0000019b69784870 Exception <a 'java/net/BindException'{0x00000000e45e0140}: Address already in use: bind> (0x00000000e45e0140) 
thrown [s\open\src\hotspot\share\prims\jni.cpp, line 538]
Event: 7.401 Thread 0x0000019b69784870 Exception <a 'java/lang/NoSuchMethodError'{0x00000000e4e82220}: 'java.lang.Object java.lang.invoke.DirectMethodHandle$Holder.newInvokeSpecial(java.lang.Object, java.lang.Object, int, java.lang.Object, java.lang.Object)'> (0x00000000e4e82220) 
thrown [s\open\src\hotspot\share\interpreter\linkResolver.cpp, line 773]
Event: 7.402 Thread 0x0000019b69784870 Exception <a 'java/lang/NoSuchMethodError'{0x00000000e4e8d0d0}: 'java.lang.Object java.lang.invoke.DirectMethodHandle$Holder.invokeSpecial(java.lang.Object, java.lang.Object, int, java.lang.Object, int, java.lang.Object)'> (0x00000000e4e8d0d0) 
thrown [s\open\src\hotspot\share\interpreter\linkResolver.cpp, line 773]
Event: 7.403 Thread 0x0000019b69784870 Exception <a 'java/lang/NoSuchMethodError'{0x00000000e4e94ea0}: 'java.lang.Object java.lang.invoke.DirectMethodHandle$Holder.newInvokeSpecial(java.lang.Object, java.lang.Object, int, java.lang.Object, int)'> (0x00000000e4e94ea0) 
thrown [s\open\src\hotspot\share\interpreter\linkResolver.cpp, line 773]
Event: 7.403 Thread 0x0000019b69784870 Exception <a 'java/lang/NoSuchMethodError'{0x00000000e4e98d10}: 'java.lang.Object java.lang.invoke.DirectMethodHandle$Holder.invokeSpecial(java.lang.Object, java.lang.Object, java.lang.Object, int, java.lang.Object, int)'> (0x00000000e4e98d10) 
thrown [s\open\src\hotspot\share\interpreter\linkResolver.cpp, line 773]
Event: 49.705 Thread 0x0000019b6b663080 Exception <a 'java/lang/NoSuchMethodError'{0x00000000e4ab5958}: 'java.lang.Object java.lang.invoke.DirectMethodHandle$Holder.invokeSpecial(java.lang.Object, java.lang.Object, java.lang.Object, java.lang.Object, java.lang.Object, long)'> (0x00000000e4ab5958) 
thrown [s\open\src\hotspot\share\interpreter\linkResolver.cpp, line 773]
Event: 49.707 Thread 0x0000019b6b663080 Exception <a 'java/lang/NoSuchMethodError'{0x00000000e4ab9118}: 'java.lang.Object java.lang.invoke.Invokers$Holder.linkToTargetMethod(java.lang.Object, java.lang.Object, java.lang.Object, long, java.lang.Object)'> (0x00000000e4ab9118) 
thrown [s\open\src\hotspot\share\interpreter\linkResolver.cpp, line 773]
Event: 50.811 Thread 0x0000019b6b663080 Exception <a 'java/lang/NoSuchMethodError'{0x00000000e4b876c0}: 'void java.lang.invoke.DirectMethodHandle$Holder.invokeSpecial(java.lang.Object, java.lang.Object, java.lang.Object, java.lang.Object, java.lang.Object, java.lang.Object, java.lang.Object, java.lang.Object, java.lang.Object)'> (0x00000000e4b876c0) 
thrown [s\open\src\hotspot\share\interpreter\linkResolver.cpp, line 773]
Event: 50.817 Thread 0x0000019b6b663080 Exception <a 'java/lang/NoSuchMethodError'{0x00000000e4ba5318}: 'int java.lang.invoke.DirectMethodHandle$Holder.invokeStatic(java.lang.Object, java.lang.Object, int, int)'> (0x00000000e4ba5318) 
thrown [s\open\src\hotspot\share\interpreter\linkResolver.cpp, line 773]
Event: 69.349 Thread 0x0000019b6b666af0 Exception <a 'java/lang/NoSuchMethodError'{0x00000000e47173e8}: 'java.lang.Object java.lang.invoke.DirectMethodHandle$Holder.invokeInterface(java.lang.Object, java.lang.Object, java.lang.Object, java.lang.Object)'> (0x00000000e47173e8) 
thrown [s\open\src\hotspot\share\interpreter\linkResolver.cpp, line 773]
Event: 69.361 Thread 0x0000019b6b666af0 Exception <a 'java/lang/NoSuchMethodError'{0x00000000e472bb38}: 'java.lang.Object java.lang.invoke.DirectMethodHandle$Holder.invokeInterface(java.lang.Object, java.lang.Object, java.lang.Object, java.lang.Object, java.lang.Object)'> (0x00000000e472bb38) 
thrown [s\open\src\hotspot\share\interpreter\linkResolver.cpp, line 773]
Event: 69.414 Thread 0x0000019b6b666af0 Exception <a 'java/lang/NoSuchMethodError'{0x00000000e47771f0}: 'void java.lang.invoke.DirectMethodHandle$Holder.invokeSpecialIFC(java.lang.Object, java.lang.Object, int, java.lang.Object, java.lang.Object, java.lang.Object, java.lang.Object)'> (0x00000000e47771f0) 
thrown [s\open\src\hotspot\share\interpreter\linkResolver.cpp, line 773]
Event: 69.468 Thread 0x0000019b6b666af0 Exception <a 'java/lang/IncompatibleClassChangeError'{0x00000000e461a6e8}: Found class java.lang.Object, but interface was expected> (0x00000000e461a6e8) 
thrown [s\open\src\hotspot\share\interpreter\linkResolver.cpp, line 840]
Event: 1239.257 Thread 0x0000019b6b664070 Implicit null exception at 0x0000019b5a4b2dfc to 0x0000019b5a4b94f4
Event: 1239.656 Thread 0x0000019b6b664070 Implicit null exception at 0x0000019b5a463600 to 0x0000019b5a4638dc
Event: 1239.718 Thread 0x0000019b6b664070 Implicit null exception at 0x0000019b5a511b65 to 0x0000019b5a512330

VM Operations (20 events):
Event: 916.430 Executing VM operation: Cleanup
Event: 916.432 Executing VM operation: Cleanup done
Event: 1047.533 Executing VM operation: Cleanup
Event: 1047.536 Executing VM operation: Cleanup done
Event: 1091.890 Executing VM operation: Cleanup
Event: 1091.896 Executing VM operation: Cleanup done
Event: 1116.070 Executing VM operation: Cleanup
Event: 1116.072 Executing VM operation: Cleanup done
Event: 1117.081 Executing VM operation: Cleanup
Event: 1117.082 Executing VM operation: Cleanup done
Event: 1171.590 Executing VM operation: Cleanup
Event: 1171.598 Executing VM operation: Cleanup done
Event: 1209.899 Executing VM operation: G1CollectForAllocation
Event: 1210.093 Executing VM operation: G1CollectForAllocation done
Event: 1210.619 Executing VM operation: G1PauseRemark
Event: 1211.467 Executing VM operation: G1PauseRemark done
Event: 1211.758 Executing VM operation: G1PauseCleanup
Event: 1211.759 Executing VM operation: G1PauseCleanup done
Event: 1239.010 Executing VM operation: Cleanup
Event: 1239.103 Executing VM operation: Cleanup done

Events (20 events):
Event: 1211.401 Thread 0x0000019b646f8160 flushing nmethod 0x0000019b52879f10
Event: 1211.402 Thread 0x0000019b646f8160 flushing nmethod 0x0000019b528b0290
Event: 1211.402 Thread 0x0000019b646f8160 flushing nmethod 0x0000019b52868490
Event: 1211.402 Thread 0x0000019b646f8160 flushing nmethod 0x0000019b5a48fb10
Event: 1211.403 Thread 0x0000019b646f8160 flushing nmethod 0x0000019b5a4d8190
Event: 1211.403 Thread 0x0000019b646f8160 flushing nmethod 0x0000019b5a471e10
Event: 1211.403 Thread 0x0000019b646f8160 flushing nmethod 0x0000019b5a470110
Event: 1211.403 Thread 0x0000019b646f8160 flushing nmethod 0x0000019b5a46dd90
Event: 1211.403 Thread 0x0000019b646f8160 flushing nmethod 0x0000019b5a48e590
Event: 1211.403 Thread 0x0000019b646f8160 flushing nmethod 0x0000019b5a469a10
Event: 1211.404 Thread 0x0000019b646f8160 flushing nmethod 0x0000019b5a423890
Event: 1211.404 Thread 0x0000019b646f8160 flushing nmethod 0x0000019b5a328990
Event: 1211.404 Thread 0x0000019b646f8160 flushing nmethod 0x0000019b5a3f9e90
Event: 1211.404 Thread 0x0000019b646f8160 flushing nmethod 0x0000019b5a3fc090
Event: 1211.405 Thread 0x0000019b646f8160 flushing nmethod 0x0000019b5a3ae210
Event: 1211.405 Thread 0x0000019b646f8160 flushing nmethod 0x0000019b5a3a1090
Event: 1211.405 Thread 0x0000019b646f8160 flushing nmethod 0x0000019b5a39f190
Event: 1211.406 Thread 0x0000019b646f8160 flushing nmethod 0x0000019b5a31df10
Event: 1211.406 Thread 0x0000019b646f8160 flushing nmethod 0x0000019b5a38c010
Event: 1211.407 Thread 0x0000019b646f8160 flushing nmethod 0x0000019b5a327b90


Dynamic libraries:
0x00007ff7e48e0000 - 0x00007ff7e48ee000 	C:\Users\PC01\.jdks\openjdk-20.0.1\bin\java.exe
0x00007ffaea870000 - 0x00007ffaeaa68000 	C:\Windows\SYSTEM32\ntdll.dll
0x00007ffaea6e0000 - 0x00007ffaea79f000 	C:\Windows\System32\KERNEL32.DLL
0x00007ffae80f0000 - 0x00007ffae83e6000 	C:\Windows\System32\KERNELBASE.dll
0x00007ffae87d0000 - 0x00007ffae88d0000 	C:\Windows\System32\ucrtbase.dll
0x00007ffad0110000 - 0x00007ffad0127000 	C:\Users\PC01\.jdks\openjdk-20.0.1\bin\jli.dll
0x00007ffac6860000 - 0x00007ffac687b000 	C:\Users\PC01\.jdks\openjdk-20.0.1\bin\VCRUNTIME140.dll
0x00007ffae8e40000 - 0x00007ffae8fdd000 	C:\Windows\System32\USER32.dll
0x00007ffadb0e0000 - 0x00007ffadb37a000 	C:\Windows\WinSxS\amd64_microsoft.windows.common-controls_6595b64144ccf1df_6.0.19041.1110_none_60b5254171f9507e\COMCTL32.dll
0x00007ffae80c0000 - 0x00007ffae80e2000 	C:\Windows\System32\win32u.dll
0x00007ffae89c0000 - 0x00007ffae8a5e000 	C:\Windows\System32\msvcrt.dll
0x00007ffae8c10000 - 0x00007ffae8c3c000 	C:\Windows\System32\GDI32.dll
0x00007ffae7f50000 - 0x00007ffae8065000 	C:\Windows\System32\gdi32full.dll
0x00007ffae8510000 - 0x00007ffae85ad000 	C:\Windows\System32\msvcp_win.dll
0x00007ffae9510000 - 0x00007ffae9540000 	C:\Windows\System32\IMM32.DLL
0x00007ffacc150000 - 0x00007ffacc15c000 	C:\Users\PC01\.jdks\openjdk-20.0.1\bin\vcruntime140_1.dll
0x00007ffac5f60000 - 0x00007ffac5fee000 	C:\Users\PC01\.jdks\openjdk-20.0.1\bin\msvcp140.dll
0x00007ffab9190000 - 0x00007ffab9e27000 	C:\Users\PC01\.jdks\openjdk-20.0.1\bin\server\jvm.dll
0x00007ffae9450000 - 0x00007ffae94ff000 	C:\Windows\System32\ADVAPI32.dll
0x00007ffaea640000 - 0x00007ffaea6dc000 	C:\Windows\System32\sechost.dll
0x00007ffae8d10000 - 0x00007ffae8e36000 	C:\Windows\System32\RPCRT4.dll
0x00007ffada4c0000 - 0x00007ffada4c9000 	C:\Windows\SYSTEM32\WSOCK32.dll
0x00007ffadd210000 - 0x00007ffadd237000 	C:\Windows\SYSTEM32\WINMM.dll
0x00007ffada960000 - 0x00007ffada96a000 	C:\Windows\SYSTEM32\VERSION.dll
0x00007ffaea7a0000 - 0x00007ffaea80b000 	C:\Windows\System32\WS2_32.dll
0x00007ffae5e30000 - 0x00007ffae5e42000 	C:\Windows\SYSTEM32\kernel.appcore.dll
0x00007ffacaa50000 - 0x00007ffacaa5a000 	C:\Users\PC01\.jdks\openjdk-20.0.1\bin\jimage.dll
0x00007ffad9c50000 - 0x00007ffad9e34000 	C:\Windows\SYSTEM32\DBGHELP.DLL
0x00007ffad9480000 - 0x00007ffad94b4000 	C:\Windows\SYSTEM32\dbgcore.DLL
0x00007ffae8710000 - 0x00007ffae8792000 	C:\Windows\System32\bcryptPrimitives.dll
0x00007ffae2760000 - 0x00007ffae276e000 	C:\Users\PC01\.jdks\openjdk-20.0.1\bin\instrument.dll
0x00007ffac5ba0000 - 0x00007ffac5bc6000 	C:\Users\PC01\.jdks\openjdk-20.0.1\bin\java.dll
0x00007ffabc200000 - 0x00007ffabc2d7000 	C:\Users\PC01\.jdks\openjdk-20.0.1\bin\jsvml.dll
0x00007ffae9790000 - 0x00007ffae9ed4000 	C:\Windows\System32\SHELL32.dll
0x00007ffae6030000 - 0x00007ffae67c3000 	C:\Windows\SYSTEM32\windows.storage.dll
0x00007ffae9ee0000 - 0x00007ffaea234000 	C:\Windows\System32\combase.dll
0x00007ffae78d0000 - 0x00007ffae78fe000 	C:\Windows\SYSTEM32\Wldp.dll
0x00007ffae95c0000 - 0x00007ffae966d000 	C:\Windows\System32\SHCORE.dll
0x00007ffae9730000 - 0x00007ffae9785000 	C:\Windows\System32\shlwapi.dll
0x00007ffae7e90000 - 0x00007ffae7eaf000 	C:\Windows\SYSTEM32\profapi.dll
0x00007ffac5b60000 - 0x00007ffac5b78000 	C:\Users\PC01\.jdks\openjdk-20.0.1\bin\zip.dll
0x00007ffac5f40000 - 0x00007ffac5f53000 	C:\Users\PC01\.jdks\openjdk-20.0.1\bin\net.dll
0x00007ffae1a10000 - 0x00007ffae1b1a000 	C:\Windows\SYSTEM32\WINHTTP.dll
0x00007ffae7630000 - 0x00007ffae769a000 	C:\Windows\system32\mswsock.dll
0x00007ffac5b80000 - 0x00007ffac5b96000 	C:\Users\PC01\.jdks\openjdk-20.0.1\bin\nio.dll
0x00007ffae0c30000 - 0x00007ffae0c4a000 	C:\Program Files\JetBrains\IntelliJ IDEA Community Edition 2022.2.3\bin\breakgen64.dll
0x00007ffac9e90000 - 0x00007ffac9e97000 	C:\Users\PC01\.jdks\openjdk-20.0.1\bin\extnet.dll
0x00007ffac6160000 - 0x00007ffac616a000 	C:\Users\PC01\.jdks\openjdk-20.0.1\bin\management.dll
0x00007ffac5b50000 - 0x00007ffac5b5b000 	C:\Users\PC01\.jdks\openjdk-20.0.1\bin\management_ext.dll
0x00007ffae8a70000 - 0x00007ffae8a78000 	C:\Windows\System32\PSAPI.DLL
0x00007ffae7830000 - 0x00007ffae7848000 	C:\Windows\SYSTEM32\CRYPTSP.dll
0x00007ffae6f50000 - 0x00007ffae6f84000 	C:\Windows\system32\rsaenh.dll
0x00007ffae87a0000 - 0x00007ffae87c7000 	C:\Windows\System32\bcrypt.dll
0x00007ffae7e50000 - 0x00007ffae7e7e000 	C:\Windows\SYSTEM32\USERENV.dll
0x00007ffae7820000 - 0x00007ffae782c000 	C:\Windows\SYSTEM32\CRYPTBASE.dll
0x00007ffae7320000 - 0x00007ffae735c000 	C:\Windows\SYSTEM32\IPHLPAPI.DLL
0x00007ffae8a60000 - 0x00007ffae8a68000 	C:\Windows\System32\NSI.dll
0x00007ffae2480000 - 0x00007ffae2497000 	C:\Windows\SYSTEM32\dhcpcsvc6.DLL
0x00007ffae2400000 - 0x00007ffae241d000 	C:\Windows\SYSTEM32\dhcpcsvc.DLL
0x00007ffae7360000 - 0x00007ffae742b000 	C:\Windows\SYSTEM32\DNSAPI.dll
0x00007ffac5b40000 - 0x00007ffac5b4e000 	C:\Users\PC01\.jdks\openjdk-20.0.1\bin\sunmscapi.dll
0x00007ffae85b0000 - 0x00007ffae870e000 	C:\Windows\System32\CRYPT32.dll
0x00007ffae7940000 - 0x00007ffae7968000 	C:\Windows\SYSTEM32\ncrypt.dll
0x00007ffae7900000 - 0x00007ffae793b000 	C:\Windows\SYSTEM32\NTASN1.dll
0x00007ffac68a0000 - 0x00007ffac68b0000 	C:\Users\PC01\.jdks\openjdk-20.0.1\bin\verify.dll
0x00007ffadd150000 - 0x00007ffadd15a000 	C:\Windows\System32\rasadhlp.dll
0x00007ffadc980000 - 0x00007ffadca02000 	C:\Windows\System32\fwpuclnt.dll
0x00007ffad57f0000 - 0x00007ffad57f7000 	C:\Windows\system32\wshunix.dll

dbghelp: loaded successfully - version: 4.0.5 - missing functions: none
symbol engine: initialized successfully - sym options: 0x614 - pdb path: .;C:\Users\PC01\.jdks\openjdk-20.0.1\bin;C:\Windows\SYSTEM32;C:\Windows\WinSxS\amd64_microsoft.windows.common-controls_6595b64144ccf1df_6.0.19041.1110_none_60b5254171f9507e;C:\Users\PC01\.jdks\openjdk-20.0.1\bin\server;C:\Program Files\JetBrains\IntelliJ IDEA Community Edition 2022.2.3\bin

VM Arguments:
jvm_args: -javaagent:C:\Program Files\JetBrains\IntelliJ IDEA Community Edition 2022.2.3\lib\idea_rt.jar=50360:C:\Program Files\JetBrains\IntelliJ IDEA Community Edition 2022.2.3\bin -Dfile.encoding=UTF-8 -Dsun.stdout.encoding=UTF-8 -Dsun.stderr.encoding=UTF-8 
java_command: com.laxosoft.serviceasistencia.ServiceAsistenciaApplication
java_class_path (initial): C:\Users\PC01\Desktop\service-asistencia\target\classes;C:\Users\PC01\.m2\repository\org\springframework\boot\spring-boot-starter-data-jpa\3.1.0\spring-boot-starter-data-jpa-3.1.0.jar;C:\Users\PC01\.m2\repository\org\springframework\boot\spring-boot-starter-aop\3.1.0\spring-boot-starter-aop-3.1.0.jar;C:\Users\PC01\.m2\repository\org\springframework\spring-aop\6.0.9\spring-aop-6.0.9.jar;C:\Users\PC01\.m2\repository\org\aspectj\aspectjweaver\1.9.19\aspectjweaver-1.9.19.jar;C:\Users\PC01\.m2\repository\org\springframework\boot\spring-boot-starter-jdbc\3.1.0\spring-boot-starter-jdbc-3.1.0.jar;C:\Users\PC01\.m2\repository\com\zaxxer\HikariCP\5.0.1\HikariCP-5.0.1.jar;C:\Users\PC01\.m2\repository\org\springframework\spring-jdbc\6.0.9\spring-jdbc-6.0.9.jar;C:\Users\PC01\.m2\repository\org\hibernate\orm\hibernate-core\6.2.2.Final\hibernate-core-6.2.2.Final.jar;C:\Users\PC01\.m2\repository\jakarta\persistence\jakarta.persistence-api\3.1.0\jakarta.persistence-api-3.1.0.jar;C:\Users\PC01\.m2\repository\jakarta\transaction\jakarta.transaction-api\2.0.1\jakarta.transaction-api-2.0.1.jar;C:\Users\PC01\.m2\repository\org\jboss\logging\jboss-logging\3.5.0.Final\jboss-logging-3.5.0.Final.jar;C:\Users\PC01\.m2\repository\org\hibernate\common\hibernate-commons-annotations\6.0.6.Final\hibernate-commons-annotations-6.0.6.Final.jar;C:\Users\PC01\.m2\repository\io\smallrye\jandex\3.0.5\jandex-3.0.5.jar;C:\Users\PC01\.m2\repository\com\fasterxml\classmate\1.5.1\classmate-1.5.1.jar;C:\Users\PC01\.m2\repository\net\bytebuddy\byte-buddy\1.14.4\byte-buddy-1.14.4.jar;C:\Users\PC01\.m2\repository\org\glassfish\jaxb\jaxb-runtime\4.0.2\jaxb-runtime-4.0.2.jar;C:\Users\PC01\.m2\repository\org\glassfish\jaxb\jaxb-core\4.0.2\jaxb-core-4.0.2.jar;C:\Users\PC01\.m2\repository\org\eclipse\angus\angus-activation\2.0.0\angus-activation-2.0.0.jar;C:\Users\PC01\.m2\repository\org\glassfish\jaxb\txw2\4.0.2\txw2-4.0.2.jar;C:\Users\PC01\.m2\repository\com\sun\istack\istack-commons-runtime\4.1.1\istack-commons-runtime-4.1.1.jar;C:\Users\PC01\.m2\repository\jakarta\inject\jakarta.inject-api\2.0.1\jakarta.inject-api-2.0.1.jar;C:\Users\PC01\.m2\repository\org\antlr\antlr4-runtime\4.10.1\antlr4-runtime-4.10.1.jar;C:\Users\PC01\.m2\repository\org\springframework\data\spring-data-jpa\3.1.0\spring-data-jpa-3.1.0.jar;C:\Users\PC01\.m2\repository\org\springframework\data\spring-data-commons\3.1.0\spring-data-commons-3.1.0.jar;C:\Users\PC01\.m2\repository\org\springframework\spring-orm\6.0.9\spring-orm-6.0.9.jar;C:\Users\PC01\.m2\repository\org\springframework\spring-context\6.0.9\spring-context-6.0.9.jar;C:\Users\PC01\.m2\repository\org\springframework\spring-tx\6.0.9\spring-tx-6.0.9.jar;C:\Users\PC01\.m2\repository\org\springframework\spring-beans\6.0.9\spring-beans-6.0.9.jar;C:\Users\PC01\.m2\repository\jakarta\annotation\jakarta.annotation-api\2.1.1\jakarta.annotation-api-2.1.1.jar;C:\Users\PC01\.m2\repository\org\slf4j\slf4j-api\2.0.7\slf4j-api-2.0.7.jar;C:\Users\PC01\.m2\repository\org\springframework\spring-aspects\6.0.9\spring-aspects-6.0.9.jar;C:\Users\PC01\.m2\repository\org\springframework\boot\spring-boot-starter-web\3.1.0\spring-boot-starter-web-3.1.0.jar;C:\Users\PC01\.m2\repository\org\springframework\boot\spring-boot-starter\3.1.0\spring-boot-starter-3.1.0.jar;C:\Users\PC01\.m2\repository\org\springframework\boot\spring-boot-starter-logging\3.1.0\spring-boot-starter-logging-3.1.0.jar;C:\Users\PC01\.m2\repository\ch\qos\logback\logback-classic\1.4.7\logback-classic-1.4.7.jar;C:\Users\PC01\.m2\repository\ch\qos\logback\logback-core\1.4.7\logback-core-1.4.7.jar;C:\Users\PC01\.m2\repository\org\apache\logging\log4j\log4j-to-slf4j\2.20.0\log4j-to-slf4j-2.20.0.jar;C:\Users\PC01\.m2\repository\org\apache\logging\log4j\log4j-api\2.20.0\log4j-api-2.20.0.jar;C:\Users\PC01\.m2\repository\org\slf4j\jul-to-slf4j\2.0.7\jul-to-slf4j-2.0.7.jar;C:\Users\PC01\.m2\repository\org\yaml\snakeyaml\1.33\snakeyaml-1.33.jar;C:\Users\PC01\.m2\repository\org\springframework\boot\spring-boot-starter-json\3.1.0\spring-boot-starter-json-3.1.0.jar;C:\Users\PC01\.m2\repository\com\fasterxml\jackson\core\jackson-databind\2.15.0\jackson-databind-2.15.0.jar;C:\Users\PC01\.m2\repository\com\fasterxml\jackson\core\jackson-annotations\2.15.0\jackson-annotations-2.15.0.jar;C:\Users\PC01\.m2\repository\com\fasterxml\jackson\core\jackson-core\2.15.0\jackson-core-2.15.0.jar;C:\Users\PC01\.m2\repository\com\fasterxml\jackson\datatype\jackson-datatype-jdk8\2.15.0\jackson-datatype-jdk8-2.15.0.jar;C:\Users\PC01\.m2\repository\com\fasterxml\jackson\datatype\jackson-datatype-jsr310\2.15.0\jackson-datatype-jsr310-2.15.0.jar;C:\Users\PC01\.m2\repository\com\fasterxml\jackson\module\jackson-module-parameter-names\2.15.0\jackson-module-parameter-names-2.15.0.jar;C:\Users\PC01\.m2\repository\org\springframework\boot\spring-boot-starter-tomcat\3.1.0\spring-boot-starter-tomcat-3.1.0.jar;C:\Users\PC01\.m2\repository\org\apache\tomcat\embed\tomcat-embed-core\10.1.8\tomcat-embed-core-10.1.8.jar;C:\Users\PC01\.m2\repository\org\apache\tomcat\embed\tomcat-embed-el\10.1.8\tomcat-embed-el-10.1.8.jar;C:\Users\PC01\.m2\repository\org\apache\tomcat\embed\tomcat-embed-websocket\10.1.8\tomcat-embed-websocket-10.1.8.jar;C:\Users\PC01\.m2\repository\org\springframework\spring-web\6.0.9\spring-web-6.0.9.jar;C:\Users\PC01\.m2\repository\io\micrometer\micrometer-observation\1.11.0\micrometer-observation-1.11.0.jar;C:\Users\PC01\.m2\repository\io\micrometer\micrometer-commons\1.11.0\micrometer-commons-1.11.0.jar;C:\Users\PC01\.m2\repository\org\springframework\spring-webmvc\6.0.9\spring-webmvc-6.0.9.jar;C:\Users\PC01\.m2\repository\org\springframework\spring-expression\6.0.9\spring-expression-6.0.9.jar;C:\Users\PC01\.m2\repository\org\springframework\boot\spring-boot-devtools\3.1.0\spring-boot-devtools-3.1.0.jar;C:\Users\PC01\.m2\repository\org\springframework\boot\spring-boot\3.1.0\spring-boot-3.1.0.jar;C:\Users\PC01\.m2\repository\org\springframework\boot\spring-boot-autoconfigure\3.1.0\spring-boot-autoconfigure-3.1.0.jar;C:\Users\PC01\.m2\repository\com\mysql\mysql-connector-j\8.0.33\mysql-connector-j-8.0.33.jar;C:\Users\PC01\.m2\repository\org\projectlombok\lombok\1.18.26\lombok-1.18.26.jar;C:\Users\PC01\.m2\repository\jakarta\xml\bind\jakarta.xml.bind-api\4.0.0\jakarta.xml.bind-api-4.0.0.jar;C:\Users\PC01\.m2\repository\jakarta\activation\jakarta.activation-api\2.1.2\jakarta.activation-api-2.1.2.jar;C:\Users\PC01\.m2\repository\org\springframework\spring-core\6.0.9\spring-core-6.0.9.jar;C:\Users\PC01\.m2\repository\org\springframework\spring-jcl\6.0.9\spring-jcl-6.0.9.jar
Launcher Type: SUN_STANDARD

[Global flags]
     intx CICompilerCount                          = 3                                         {product} {ergonomic}
     uint ConcGCThreads                            = 1                                         {product} {ergonomic}
     uint G1ConcRefinementThreads                  = 4                                         {product} {ergonomic}
   size_t G1HeapRegionSize                         = 1048576                                   {product} {ergonomic}
    uintx GCDrainStackTargetSize                   = 64                                        {product} {ergonomic}
   size_t InitialHeapSize                          = 33554432                                  {product} {ergonomic}
   size_t MarkStackSize                            = 4194304                                   {product} {ergonomic}
   size_t MaxHeapSize                              = 505413632                                 {product} {ergonomic}
   size_t MaxNewSize                               = 303038464                                 {product} {ergonomic}
   size_t MinHeapDeltaBytes                        = 1048576                                   {product} {ergonomic}
   size_t MinHeapSize                              = 8388608                                   {product} {ergonomic}
    uintx NonNMethodCodeHeapSize                   = 5832780                                {pd product} {ergonomic}
    uintx NonProfiledCodeHeapSize                  = 122912730                              {pd product} {ergonomic}
    uintx ProfiledCodeHeapSize                     = 122912730                              {pd product} {ergonomic}
    uintx ReservedCodeCacheSize                    = 251658240                              {pd product} {ergonomic}
     bool SegmentedCodeCache                       = true                                      {product} {ergonomic}
   size_t SoftMaxHeapSize                          = 505413632                              {manageable} {ergonomic}
     bool UseCompressedClassPointers               = true                           {product lp64_product} {ergonomic}
     bool UseCompressedOops                        = true                           {product lp64_product} {ergonomic}
     bool UseG1GC                                  = true                                      {product} {ergonomic}
     bool UseLargePagesIndividualAllocation        = false                                  {pd product} {ergonomic}

Logging:
Log output configuration:
 #0: stdout all=warning uptime,level,tags foldmultilines=false
 #1: stderr all=off uptime,level,tags foldmultilines=false

Environment Variables:
PATH=C:\Program Files\Java\jdk-13\bin;C:\oraclexe\app\oracle\product\11.2.0\server\bin;C:\ProgramData\Oracle\Java\javapath;C:\Program Files\Common Files\Oracle\Java\javapath;C:\Program Files (x86)\Common Files\Oracle\Java\javapath;C:\Program Files\Eclipse Adoptium\jdk-17.0.5.8-hotspot\bin;C:\Windows\system32;C:\Windows;C:\Windows\System32\Wbem;C:\Windows\System32\WindowsPowerShell\v1.0\;C:\Windows\System32\OpenSSH\;C:\Program Files\Git\cmd;C:\Program Files\nodejs\;C:\Program Files\Docker\Docker\resources\bin;%JAVA MAVEN%\bin;C:\Program Files\Java\jdk-13\bin;C:\Users\PC01\AppData\Local\Programs\Microsoft VS Code\bin;
USERNAME=PC01
OS=Windows_NT
PROCESSOR_IDENTIFIER=Intel64 Family 6 Model 58 Stepping 9, GenuineIntel
TMP=C:\Users\PC01\AppData\Local\Temp
TEMP=C:\Users\PC01\AppData\Local\Temp




---------------  S Y S T E M  ---------------

OS:
 Windows 10 , 64 bit Build 19041 (10.0.19041.2913)
OS uptime: 0 days 0:45 hours

CPU: total 4 (initial active 4) (4 cores per cpu, 1 threads per core) family 6 model 58 stepping 9 microcode 0x21, cx8, cmov, fxsr, mmx, sse, sse2, sse3, ssse3, sse4.1, sse4.2, popcnt, tsc, tscinvbit, avx, aes, erms, clmul, vzeroupper, clflush, rdtscp, f16c

Memory: 4k page, system-wide physical 1922M (167M free)
TotalPageFile size 7810M (AvailPageFile size 0M)
current process WorkingSet (physical memory assigned to process): 50M, peak: 202M
current process commit charge ("private bytes"): 233M, peak: 244M

vm_info: OpenJDK 64-Bit Server VM (20.0.1+9-29) for windows-amd64 JRE (20.0.1+9-29), built on 2023-03-07T13:56:11Z by "mach5one" with MS VC++ 17.1 (VS2022)

END.
